*** Starting uWSGI 2.0.12-debian (64bit) on [Mon Nov  6 11:40:42 2017] ***
compiled with version: 5.4.0 20160609 on 31 August 2017 21:02:04
os: Linux-4.4.0-36-generic #55-Ubuntu SMP Thu Aug 11 18:01:55 UTC 2016
nodename: bioinf
machine: x86_64
clock source: unix
pcre jit disabled
detected number of CPU cores: 12
current working directory: /etc/uwsgi/apps-enabled
writing pidfile to /run/uwsgi/BIOL3014.pid
detected binary path: /usr/bin/uwsgi-core
chdir() to /var/www/PythonApps/BIOL3014
your processes number limit is 257311
your memory page size is 4096 bytes
detected max file descriptor number: 1024
VirtualHosting mode enabled.
lock engine: pthread robust mutexes
thunder lock: disabled (you can enable it with --thunder-lock)
uwsgi socket 0 bound to UNIX address /run/uwsgi/BIOL3014.sock fd 3
Python version: 3.5.2 (default, Aug 18 2017, 17:48:00)  [GCC 5.4.0 20160609]
Set PythonHome to /var/www/PythonApps/BIOL3014/venv
*** Python threads support is disabled. You can enable it with --enable-threads ***
Python main interpreter initialized at 0x9348f0
your server socket listen backlog is limited to 100 connections
your mercy for graceful operations on workers is 60 seconds
mapped 145536 bytes (142 KB) for 1 cores
*** Operational MODE: single process ***
WSGI app 0 (mountpoint='') ready in 1 seconds on interpreter 0x9348f0 pid: 10554 (default app)
*** uWSGI is running in multiple interpreter mode ***
spawned uWSGI master process (pid: 10554)
spawned uWSGI worker 1 (pid: 10567, cores: 1)
Mon Nov  6 11:45:50 2017 - received message 1 from emperor
...gracefully killing workers...
Gracefully killing worker 1 (pid: 10567)...
worker 1 buried after 1 seconds
binary reloading uWSGI...
chdir() to /etc/uwsgi/apps-enabled
closing all non-uwsgi socket fds > 2 (max_fd = 1024)...
found fd 3 mapped to socket 0 (/run/uwsgi/BIOL3014.sock)
running /usr/bin/uwsgi-core
*** has_emperor mode detected (fd: 7) ***
[uWSGI] getting INI configuration from BIOL3014.ini
*** WARNING: Can't find section "uwsgi" in INI configuration file BIOL3014.ini ***
*** Starting uWSGI 2.0.12-debian (64bit) on [Mon Nov  6 11:45:51 2017] ***
compiled with version: 5.4.0 20160609 on 31 August 2017 21:02:04
os: Linux-4.4.0-36-generic #55-Ubuntu SMP Thu Aug 11 18:01:55 UTC 2016
nodename: bioinf
machine: x86_64
clock source: unix
pcre jit disabled
detected number of CPU cores: 12
current working directory: /etc/uwsgi/apps-enabled
detected binary path: /usr/bin/uwsgi-core
your processes number limit is 257311
your memory page size is 4096 bytes
detected max file descriptor number: 1024
lock engine: pthread robust mutexes
thunder lock: disabled (you can enable it with --thunder-lock)
The -s/--socket option is missing and stdin is not a socket.
*** Starting uWSGI 2.0.12-debian (64bit) on [Mon Nov  6 11:48:39 2017] ***
compiled with version: 5.4.0 20160609 on 31 August 2017 21:02:04
os: Linux-4.4.0-36-generic #55-Ubuntu SMP Thu Aug 11 18:01:55 UTC 2016
nodename: bioinf
machine: x86_64
clock source: unix
pcre jit disabled
detected number of CPU cores: 12
current working directory: /etc/uwsgi/apps-enabled
writing pidfile to /run/uwsgi/BIOL3014.pid
detected binary path: /usr/bin/uwsgi-core
chdir() to /var/www/PythonApps/BIOL3014
your processes number limit is 257311
your memory page size is 4096 bytes
detected max file descriptor number: 1024
VirtualHosting mode enabled.
lock engine: pthread robust mutexes
thunder lock: disabled (you can enable it with --thunder-lock)
uwsgi socket 0 bound to UNIX address /run/uwsgi/BIOL3014.sock fd 3
Python version: 3.5.2 (default, Aug 18 2017, 17:48:00)  [GCC 5.4.0 20160609]
Set PythonHome to /var/www/PythonApps/BIOL3014/venv
*** Python threads support is disabled. You can enable it with --enable-threads ***
Python main interpreter initialized at 0x16ec8f0
your server socket listen backlog is limited to 100 connections
your mercy for graceful operations on workers is 60 seconds
mapped 145536 bytes (142 KB) for 1 cores
*** Operational MODE: single process ***
WSGI app 0 (mountpoint='') ready in 1 seconds on interpreter 0x16ec8f0 pid: 11677 (default app)
*** uWSGI is running in multiple interpreter mode ***
spawned uWSGI master process (pid: 11677)
spawned uWSGI worker 1 (pid: 11691, cores: 1)
Mon Nov  6 15:01:19 2017 - received message 1 from emperor
...gracefully killing workers...
Gracefully killing worker 1 (pid: 11691)...
worker 1 buried after 1 seconds
binary reloading uWSGI...
chdir() to /etc/uwsgi/apps-enabled
closing all non-uwsgi socket fds > 2 (max_fd = 1024)...
found fd 3 mapped to socket 0 (/run/uwsgi/BIOL3014.sock)
running /usr/bin/uwsgi-core
*** has_emperor mode detected (fd: 7) ***
[uWSGI] getting INI configuration from BIOL3014.ini
*** Starting uWSGI 2.0.12-debian (64bit) on [Mon Nov  6 15:01:20 2017] ***
compiled with version: 5.4.0 20160609 on 31 August 2017 21:02:04
os: Linux-4.4.0-36-generic #55-Ubuntu SMP Thu Aug 11 18:01:55 UTC 2016
nodename: bioinf
machine: x86_64
clock source: unix
pcre jit disabled
detected number of CPU cores: 12
current working directory: /etc/uwsgi/apps-enabled
detected binary path: /usr/bin/uwsgi-core
chdir() to /var/www/PythonApps/BIOL3014
your processes number limit is 257311
your memory page size is 4096 bytes
detected max file descriptor number: 1024
VirtualHosting mode enabled.
lock engine: pthread robust mutexes
thunder lock: disabled (you can enable it with --thunder-lock)
uwsgi socket 0 inherited UNIX address /run/uwsgi/BIOL3014.sock fd 3
Python version: 3.5.2 (default, Aug 18 2017, 17:48:00)  [GCC 5.4.0 20160609]
Set PythonHome to /var/www/PythonApps/BIOL3014/venv
*** Python threads support is disabled. You can enable it with --enable-threads ***
Python main interpreter initialized at 0x13b7db0
your server socket listen backlog is limited to 100 connections
your mercy for graceful operations on workers is 60 seconds
mapped 145536 bytes (142 KB) for 1 cores
*** Operational MODE: single process ***
failed to open python file routes
unable to load app 0 (mountpoint='') (callable not found or import error)
*** no app loaded. going in full dynamic mode ***
*** uWSGI is running in multiple interpreter mode ***
gracefully (RE)spawned uWSGI master process (pid: 11677)
spawned uWSGI worker 1 (pid: 21907, cores: 1)
Mon Nov  6 15:02:29 2017 - received message 1 from emperor
...gracefully killing workers...
Gracefully killing worker 1 (pid: 21907)...
worker 1 buried after 1 seconds
binary reloading uWSGI...
chdir() to /etc/uwsgi/apps-enabled
closing all non-uwsgi socket fds > 2 (max_fd = 1024)...
found fd 3 mapped to socket 0 (/run/uwsgi/BIOL3014.sock)
running /usr/bin/uwsgi-core
*** has_emperor mode detected (fd: 7) ***
[uWSGI] getting INI configuration from BIOL3014.ini
*** Starting uWSGI 2.0.12-debian (64bit) on [Mon Nov  6 15:02:30 2017] ***
compiled with version: 5.4.0 20160609 on 31 August 2017 21:02:04
os: Linux-4.4.0-36-generic #55-Ubuntu SMP Thu Aug 11 18:01:55 UTC 2016
nodename: bioinf
machine: x86_64
clock source: unix
pcre jit disabled
detected number of CPU cores: 12
current working directory: /etc/uwsgi/apps-enabled
detected binary path: /usr/bin/uwsgi-core
chdir() to /var/www/PythonApps/BIOL3014
your processes number limit is 257311
your memory page size is 4096 bytes
detected max file descriptor number: 1024
VirtualHosting mode enabled.
lock engine: pthread robust mutexes
thunder lock: disabled (you can enable it with --thunder-lock)
uwsgi socket 0 inherited UNIX address /run/uwsgi/BIOL3014.sock fd 3
Python version: 3.5.2 (default, Aug 18 2017, 17:48:00)  [GCC 5.4.0 20160609]
Set PythonHome to /var/www/PythonApps/BIOL3014/venv
*** Python threads support is disabled. You can enable it with --enable-threads ***
Python main interpreter initialized at 0xf30db0
your server socket listen backlog is limited to 100 connections
your mercy for graceful operations on workers is 60 seconds
mapped 145536 bytes (142 KB) for 1 cores
*** Operational MODE: single process ***
WSGI app 0 (mountpoint='') ready in 1 seconds on interpreter 0xf30db0 pid: 11677 (default app)
*** uWSGI is running in multiple interpreter mode ***
gracefully (RE)spawned uWSGI master process (pid: 11677)
spawned uWSGI worker 1 (pid: 22265, cores: 1)
Mon Nov  6 15:13:01 2017 - received message 1 from emperor
...gracefully killing workers...
Gracefully killing worker 1 (pid: 22265)...
worker 1 buried after 1 seconds
binary reloading uWSGI...
chdir() to /etc/uwsgi/apps-enabled
closing all non-uwsgi socket fds > 2 (max_fd = 1024)...
found fd 3 mapped to socket 0 (/run/uwsgi/BIOL3014.sock)
running /usr/bin/uwsgi-core
*** has_emperor mode detected (fd: 7) ***
[uWSGI] getting INI configuration from BIOL3014.ini
*** WARNING: Can't find section "uwsgi" in INI configuration file BIOL3014.ini ***
*** Starting uWSGI 2.0.12-debian (64bit) on [Mon Nov  6 15:13:02 2017] ***
compiled with version: 5.4.0 20160609 on 31 August 2017 21:02:04
os: Linux-4.4.0-36-generic #55-Ubuntu SMP Thu Aug 11 18:01:55 UTC 2016
nodename: bioinf
machine: x86_64
clock source: unix
pcre jit disabled
detected number of CPU cores: 12
current working directory: /etc/uwsgi/apps-enabled
detected binary path: /usr/bin/uwsgi-core
your processes number limit is 257311
your memory page size is 4096 bytes
detected max file descriptor number: 1024
lock engine: pthread robust mutexes
thunder lock: disabled (you can enable it with --thunder-lock)
The -s/--socket option is missing and stdin is not a socket.
