*** Starting uWSGI 2.0.12-debian (64bit) on [Sun Mar  4 09:06:16 2018] ***
compiled with version: 5.4.0 20160609 on 31 August 2017 21:02:04
os: Linux-4.4.0-36-generic #55-Ubuntu SMP Thu Aug 11 18:01:55 UTC 2016
nodename: bioinf
machine: x86_64
clock source: unix
pcre jit disabled
detected number of CPU cores: 12
current working directory: /etc/uwsgi/apps-enabled
detected binary path: /usr/bin/uwsgi-core
chdir() to /var/www/PythonApps/coderquiz
your processes number limit is 257311
your memory page size is 4096 bytes
detected max file descriptor number: 1024
VirtualHosting mode enabled.
lock engine: pthread robust mutexes
thunder lock: disabled (you can enable it with --thunder-lock)
uwsgi socket 0 bound to UNIX address /run/uwsgi/coderquiz.sock fd 3
Python version: 3.5.2 (default, Nov 23 2017, 16:37:01)  [GCC 5.4.0 20160609]
Set PythonHome to /var/www/PythonApps/coderquiz/venv
*** Python threads support is disabled. You can enable it with --enable-threads ***
Python main interpreter initialized at 0x2277cc0
your server socket listen backlog is limited to 100 connections
your mercy for graceful operations on workers is 60 seconds
mapped 145536 bytes (142 KB) for 1 cores
*** Operational MODE: single process ***
ImportError: No module named 'coderquiz'
unable to load app 0 (mountpoint='') (callable not found or import error)
failed to open python file coderquiz
unable to load app 0 (mountpoint='') (callable not found or import error)
*** no app loaded. going in full dynamic mode ***
*** uWSGI is running in multiple interpreter mode ***
spawned uWSGI master process (pid: 14225)
spawned uWSGI worker 1 (pid: 14226, cores: 1)
Sun Mar  4 09:07:25 2018 - received message 1 from emperor
...gracefully killing workers...
Gracefully killing worker 1 (pid: 14226)...
worker 1 buried after 1 seconds
binary reloading uWSGI...
chdir() to /etc/uwsgi/apps-enabled
closing all non-uwsgi socket fds > 2 (max_fd = 1024)...
found fd 3 mapped to socket 0 (/run/uwsgi/coderquiz.sock)
running /usr/bin/uwsgi-core
*** has_emperor mode detected (fd: 9) ***
[uWSGI] getting INI configuration from coderquiz.ini
*** Starting uWSGI 2.0.12-debian (64bit) on [Sun Mar  4 09:07:26 2018] ***
compiled with version: 5.4.0 20160609 on 31 August 2017 21:02:04
os: Linux-4.4.0-36-generic #55-Ubuntu SMP Thu Aug 11 18:01:55 UTC 2016
nodename: bioinf
machine: x86_64
clock source: unix
pcre jit disabled
detected number of CPU cores: 12
current working directory: /etc/uwsgi/apps-enabled
detected binary path: /usr/bin/uwsgi-core
chdir() to /var/www/PythonApps/coderquiz
your processes number limit is 257311
your memory page size is 4096 bytes
detected max file descriptor number: 1024
VirtualHosting mode enabled.
lock engine: pthread robust mutexes
thunder lock: disabled (you can enable it with --thunder-lock)
uwsgi socket 0 inherited UNIX address /run/uwsgi/coderquiz.sock fd 3
Python version: 3.5.2 (default, Nov 23 2017, 16:37:01)  [GCC 5.4.0 20160609]
Set PythonHome to /var/www/PythonApps/coderquiz/venv
*** Python threads support is disabled. You can enable it with --enable-threads ***
Python main interpreter initialized at 0x11bac40
your server socket listen backlog is limited to 100 connections
your mercy for graceful operations on workers is 60 seconds
mapped 145536 bytes (142 KB) for 1 cores
*** Operational MODE: single process ***
WSGI app 0 (mountpoint='') ready in 1 seconds on interpreter 0x11bac40 pid: 14225 (default app)
*** uWSGI is running in multiple interpreter mode ***
gracefully (RE)spawned uWSGI master process (pid: 14225)
spawned uWSGI worker 1 (pid: 14778, cores: 1)
