*** Starting uWSGI 2.0.12-debian (64bit) on [Tue Oct 10 09:58:51 2017] ***
compiled with version: 5.4.0 20160609 on 31 August 2017 21:02:04
os: Linux-4.4.0-36-generic #55-Ubuntu SMP Thu Aug 11 18:01:55 UTC 2016
nodename: bioinf
machine: x86_64
clock source: unix
pcre jit disabled
detected number of CPU cores: 12
current working directory: /etc/uwsgi/apps-enabled
writing pidfile to /run/uwsgi/BIOL3014.pid
detected binary path: /usr/bin/uwsgi-core
chdir() to /var/www/PythonApps/BIOL3014
your processes number limit is 257311
your memory page size is 4096 bytes
detected max file descriptor number: 1024
VirtualHosting mode enabled.
lock engine: pthread robust mutexes
thunder lock: disabled (you can enable it with --thunder-lock)
uwsgi socket 0 bound to UNIX address /run/uwsgi/BIOL3014.sock fd 3
Python version: 3.5.2 (default, Aug 18 2017, 17:48:00)  [GCC 5.4.0 20160609]
Set PythonHome to /var/www/PythonApps/BIOL3014/venv
*** Python threads support is disabled. You can enable it with --enable-threads ***
Python main interpreter initialized at 0x18888f0
your server socket listen backlog is limited to 100 connections
your mercy for graceful operations on workers is 60 seconds
mapped 145536 bytes (142 KB) for 1 cores
*** Operational MODE: single process ***
WSGI app 0 (mountpoint='') ready in 1 seconds on interpreter 0x18888f0 pid: 21337 (default app)
*** uWSGI is running in multiple interpreter mode ***
spawned uWSGI master process (pid: 21337)
spawned uWSGI worker 1 (pid: 21350, cores: 1)
SIGINT/SIGQUIT received...killing workers...
Tue Oct 10 09:59:30 2017 - received message 0 from emperor
worker 1 buried after 1 seconds
goodbye to uWSGI.
VACUUM: pidfile removed.
VACUUM: unix socket /run/uwsgi/BIOL3014.sock removed.
*** Starting uWSGI 2.0.12-debian (64bit) on [Tue Oct 10 09:59:33 2017] ***
compiled with version: 5.4.0 20160609 on 31 August 2017 21:02:04
os: Linux-4.4.0-36-generic #55-Ubuntu SMP Thu Aug 11 18:01:55 UTC 2016
nodename: bioinf
machine: x86_64
clock source: unix
pcre jit disabled
detected number of CPU cores: 12
current working directory: /etc/uwsgi/apps-enabled
writing pidfile to /run/uwsgi/BIOL3014.pid
detected binary path: /usr/bin/uwsgi-core
chdir() to /var/www/PythonApps/BIOL3014
your processes number limit is 257311
your memory page size is 4096 bytes
detected max file descriptor number: 1024
VirtualHosting mode enabled.
lock engine: pthread robust mutexes
thunder lock: disabled (you can enable it with --thunder-lock)
uwsgi socket 0 bound to UNIX address /run/uwsgi/BIOL3014.sock fd 3
Python version: 3.5.2 (default, Aug 18 2017, 17:48:00)  [GCC 5.4.0 20160609]
Set PythonHome to /var/www/PythonApps/BIOL3014/venv
*** Python threads support is disabled. You can enable it with --enable-threads ***
Python main interpreter initialized at 0x112f8f0
your server socket listen backlog is limited to 100 connections
your mercy for graceful operations on workers is 60 seconds
mapped 145536 bytes (142 KB) for 1 cores
*** Operational MODE: single process ***
WSGI app 0 (mountpoint='') ready in 1 seconds on interpreter 0x112f8f0 pid: 21412 (default app)
*** uWSGI is running in multiple interpreter mode ***
spawned uWSGI master process (pid: 21412)
spawned uWSGI worker 1 (pid: 21429, cores: 1)
SIGINT/SIGQUIT received...killing workers...
Tue Oct 10 10:01:29 2017 - received message 0 from emperor
worker 1 buried after 1 seconds
goodbye to uWSGI.
VACUUM: pidfile removed.
VACUUM: unix socket /run/uwsgi/BIOL3014.sock removed.
*** Starting uWSGI 2.0.12-debian (64bit) on [Tue Oct 10 10:01:32 2017] ***
compiled with version: 5.4.0 20160609 on 31 August 2017 21:02:04
os: Linux-4.4.0-36-generic #55-Ubuntu SMP Thu Aug 11 18:01:55 UTC 2016
nodename: bioinf
machine: x86_64
clock source: unix
pcre jit disabled
detected number of CPU cores: 12
current working directory: /etc/uwsgi/apps-enabled
writing pidfile to /run/uwsgi/BIOL3014.pid
detected binary path: /usr/bin/uwsgi-core
chdir() to /var/www/PythonApps/BIOL3014
your processes number limit is 257311
your memory page size is 4096 bytes
detected max file descriptor number: 1024
VirtualHosting mode enabled.
lock engine: pthread robust mutexes
thunder lock: disabled (you can enable it with --thunder-lock)
uwsgi socket 0 bound to UNIX address /run/uwsgi/BIOL3014.sock fd 3
Python version: 3.5.2 (default, Aug 18 2017, 17:48:00)  [GCC 5.4.0 20160609]
Set PythonHome to /var/www/PythonApps/BIOL3014/venv
*** Python threads support is disabled. You can enable it with --enable-threads ***
Python main interpreter initialized at 0x208d8f0
your server socket listen backlog is limited to 100 connections
your mercy for graceful operations on workers is 60 seconds
mapped 145536 bytes (142 KB) for 1 cores
*** Operational MODE: single process ***
WSGI app 0 (mountpoint='') ready in 1 seconds on interpreter 0x208d8f0 pid: 21651 (default app)
*** uWSGI is running in multiple interpreter mode ***
spawned uWSGI master process (pid: 21651)
spawned uWSGI worker 1 (pid: 21667, cores: 1)
SIGINT/SIGQUIT received...killing workers...
Tue Oct 10 10:03:07 2017 - received message 0 from emperor
worker 1 buried after 1 seconds
goodbye to uWSGI.
VACUUM: pidfile removed.
VACUUM: unix socket /run/uwsgi/BIOL3014.sock removed.
*** Starting uWSGI 2.0.12-debian (64bit) on [Tue Oct 10 10:03:10 2017] ***
compiled with version: 5.4.0 20160609 on 31 August 2017 21:02:04
os: Linux-4.4.0-36-generic #55-Ubuntu SMP Thu Aug 11 18:01:55 UTC 2016
nodename: bioinf
machine: x86_64
clock source: unix
pcre jit disabled
detected number of CPU cores: 12
current working directory: /etc/uwsgi/apps-enabled
writing pidfile to /run/uwsgi/BIOL3014.pid
detected binary path: /usr/bin/uwsgi-core
chdir() to /var/www/PythonApps/BIOL3014
your processes number limit is 257311
your memory page size is 4096 bytes
detected max file descriptor number: 1024
VirtualHosting mode enabled.
lock engine: pthread robust mutexes
thunder lock: disabled (you can enable it with --thunder-lock)
uwsgi socket 0 bound to UNIX address /run/uwsgi/BIOL3014.sock fd 3
Python version: 3.5.2 (default, Aug 18 2017, 17:48:00)  [GCC 5.4.0 20160609]
Set PythonHome to /var/www/PythonApps/BIOL3014/venv
*** Python threads support is disabled. You can enable it with --enable-threads ***
Python main interpreter initialized at 0x7ef8f0
your server socket listen backlog is limited to 100 connections
your mercy for graceful operations on workers is 60 seconds
mapped 145536 bytes (142 KB) for 1 cores
*** Operational MODE: single process ***
WSGI app 0 (mountpoint='') ready in 1 seconds on interpreter 0x7ef8f0 pid: 21795 (default app)
*** uWSGI is running in multiple interpreter mode ***
spawned uWSGI master process (pid: 21795)
spawned uWSGI worker 1 (pid: 21812, cores: 1)
bioinf.scmb.uq.edu.au:81 [pid: 21812|app: 0|req: 1/1] 10.184.28.147 () {44 vars in 1169 bytes} [Tue Oct 10 10:03:18 2017] GET /BIOL3014 => generated 289 bytes in 35 msecs (HTTP/1.1 301) 3 headers in 148 bytes (1 switches on core 0)
announcing my loyalty to the Emperor...
bioinf.scmb.uq.edu.au:81 [pid: 21812|app: 0|req: 2/2] 10.184.28.147 () {44 vars in 1171 bytes} [Tue Oct 10 10:03:18 2017] GET /BIOL3014/ => generated 929 bytes in 24 msecs (HTTP/1.1 200) 2 headers in 80 bytes (1 switches on core 0)
bioinf.scmb.uq.edu.au:81 [pid: 21812|app: 0|req: 3/3] 10.184.28.147 () {46 vars in 1240 bytes} [Tue Oct 10 10:03:23 2017] GET /BIOL3014/signup => generated 1897 bytes in 42 msecs (HTTP/1.1 200) 3 headers in 232 bytes (1 switches on core 0)
bioinf.scmb.uq.edu.au:81 [pid: 21812|app: 0|req: 4/4] 10.184.28.147 () {44 vars in 1292 bytes} [Tue Oct 10 10:03:29 2017] GET /BIOL3014/ => generated 929 bytes in 5 msecs (HTTP/1.1 200) 2 headers in 80 bytes (1 switches on core 0)
bioinf.scmb.uq.edu.au:81 [pid: 21812|app: 0|req: 5/5] 10.184.28.147 () {44 vars in 1313 bytes} [Tue Oct 10 10:03:31 2017] GET /icons/ubuntu-logo.png => generated 233 bytes in 3 msecs (HTTP/1.1 404) 2 headers in 72 bytes (1 switches on core 0)
bioinf.scmb.uq.edu.au:81 [pid: 21812|app: 0|req: 6/6] 10.184.28.147 () {44 vars in 1308 bytes} [Tue Oct 10 10:03:33 2017] GET /cismapper/contact => generated 233 bytes in 1 msecs (HTTP/1.1 404) 2 headers in 72 bytes (1 switches on core 0)
bioinf.scmb.uq.edu.au:81 [pid: 21812|app: 0|req: 7/7] 10.184.28.147 () {44 vars in 1294 bytes} [Tue Oct 10 10:03:34 2017] GET /cismapper/ => generated 233 bytes in 2 msecs (HTTP/1.1 404) 2 headers in 72 bytes (1 switches on core 0)
bioinf.scmb.uq.edu.au:81 [pid: 21812|app: 0|req: 8/8] 10.184.28.147 () {44 vars in 1292 bytes} [Tue Oct 10 10:03:34 2017] GET /cismapper => generated 233 bytes in 2 msecs (HTTP/1.1 404) 2 headers in 72 bytes (1 switches on core 0)
SIGINT/SIGQUIT received...killing workers...
Tue Oct 10 10:13:23 2017 - received message 0 from emperor
worker 1 buried after 1 seconds
goodbye to uWSGI.
VACUUM: pidfile removed.
VACUUM: unix socket /run/uwsgi/BIOL3014.sock removed.
*** Starting uWSGI 2.0.12-debian (64bit) on [Tue Oct 10 10:13:26 2017] ***
compiled with version: 5.4.0 20160609 on 31 August 2017 21:02:04
os: Linux-4.4.0-36-generic #55-Ubuntu SMP Thu Aug 11 18:01:55 UTC 2016
nodename: bioinf
machine: x86_64
clock source: unix
pcre jit disabled
detected number of CPU cores: 12
current working directory: /etc/uwsgi/apps-enabled
writing pidfile to /run/uwsgi/BIOL3014.pid
detected binary path: /usr/bin/uwsgi-core
chdir() to /var/www/PythonApps/BIOL3014
your processes number limit is 257311
your memory page size is 4096 bytes
detected max file descriptor number: 1024
VirtualHosting mode enabled.
lock engine: pthread robust mutexes
thunder lock: disabled (you can enable it with --thunder-lock)
uwsgi socket 0 bound to UNIX address /run/uwsgi/BIOL3014.sock fd 3
Python version: 3.5.2 (default, Aug 18 2017, 17:48:00)  [GCC 5.4.0 20160609]
Set PythonHome to /var/www/PythonApps/BIOL3014/venv
*** Python threads support is disabled. You can enable it with --enable-threads ***
Python main interpreter initialized at 0x12ab8f0
your server socket listen backlog is limited to 100 connections
your mercy for graceful operations on workers is 60 seconds
mapped 145536 bytes (142 KB) for 1 cores
*** Operational MODE: single process ***
WSGI app 0 (mountpoint='') ready in 0 seconds on interpreter 0x12ab8f0 pid: 22203 (default app)
*** uWSGI is running in multiple interpreter mode ***
spawned uWSGI master process (pid: 22203)
spawned uWSGI worker 1 (pid: 22219, cores: 1)
SIGINT/SIGQUIT received...killing workers...
Tue Oct 10 10:15:58 2017 - received message 0 from emperor
worker 1 buried after 1 seconds
goodbye to uWSGI.
VACUUM: pidfile removed.
VACUUM: unix socket /run/uwsgi/BIOL3014.sock removed.
*** Starting uWSGI 2.0.12-debian (64bit) on [Tue Oct 10 10:16:01 2017] ***
compiled with version: 5.4.0 20160609 on 31 August 2017 21:02:04
os: Linux-4.4.0-36-generic #55-Ubuntu SMP Thu Aug 11 18:01:55 UTC 2016
nodename: bioinf
machine: x86_64
clock source: unix
pcre jit disabled
detected number of CPU cores: 12
current working directory: /etc/uwsgi/apps-enabled
writing pidfile to /run/uwsgi/BIOL3014.pid
detected binary path: /usr/bin/uwsgi-core
chdir() to /var/www/PythonApps/BIOL3014
your processes number limit is 257311
your memory page size is 4096 bytes
detected max file descriptor number: 1024
VirtualHosting mode enabled.
lock engine: pthread robust mutexes
thunder lock: disabled (you can enable it with --thunder-lock)
uwsgi socket 0 bound to UNIX address /run/uwsgi/BIOL3014.sock fd 3
Python version: 3.5.2 (default, Aug 18 2017, 17:48:00)  [GCC 5.4.0 20160609]
Set PythonHome to /var/www/PythonApps/BIOL3014/venv
*** Python threads support is disabled. You can enable it with --enable-threads ***
Python main interpreter initialized at 0x26548f0
your server socket listen backlog is limited to 100 connections
your mercy for graceful operations on workers is 60 seconds
mapped 145536 bytes (142 KB) for 1 cores
*** Operational MODE: single process ***
WSGI app 0 (mountpoint='') ready in 1 seconds on interpreter 0x26548f0 pid: 22331 (default app)
*** uWSGI is running in multiple interpreter mode ***
spawned uWSGI master process (pid: 22331)
spawned uWSGI worker 1 (pid: 22347, cores: 1)
SIGINT/SIGQUIT received...killing workers...
Tue Oct 10 10:17:01 2017 - received message 0 from emperor
worker 1 buried after 1 seconds
goodbye to uWSGI.
VACUUM: pidfile removed.
VACUUM: unix socket /run/uwsgi/BIOL3014.sock removed.
*** Starting uWSGI 2.0.12-debian (64bit) on [Tue Oct 10 10:17:05 2017] ***
compiled with version: 5.4.0 20160609 on 31 August 2017 21:02:04
os: Linux-4.4.0-36-generic #55-Ubuntu SMP Thu Aug 11 18:01:55 UTC 2016
nodename: bioinf
machine: x86_64
clock source: unix
pcre jit disabled
detected number of CPU cores: 12
current working directory: /etc/uwsgi/apps-enabled
writing pidfile to /run/uwsgi/BIOL3014.pid
detected binary path: /usr/bin/uwsgi-core
chdir() to /var/www/PythonApps/BIOL3014
your processes number limit is 257311
your memory page size is 4096 bytes
detected max file descriptor number: 1024
VirtualHosting mode enabled.
lock engine: pthread robust mutexes
thunder lock: disabled (you can enable it with --thunder-lock)
uwsgi socket 0 bound to UNIX address /run/uwsgi/BIOL3014.sock fd 3
Python version: 3.5.2 (default, Aug 18 2017, 17:48:00)  [GCC 5.4.0 20160609]
Set PythonHome to /var/www/PythonApps/BIOL3014/venv
*** Python threads support is disabled. You can enable it with --enable-threads ***
Python main interpreter initialized at 0xc9d8f0
your server socket listen backlog is limited to 100 connections
your mercy for graceful operations on workers is 60 seconds
mapped 145536 bytes (142 KB) for 1 cores
*** Operational MODE: single process ***
WSGI app 0 (mountpoint='') ready in 1 seconds on interpreter 0xc9d8f0 pid: 22415 (default app)
*** uWSGI is running in multiple interpreter mode ***
spawned uWSGI master process (pid: 22415)
spawned uWSGI worker 1 (pid: 22431, cores: 1)
bioinf.scmb.uq.edu.au:81 [pid: 22431|app: 0|req: 1/1] 10.184.28.147 () {44 vars in 1299 bytes} [Tue Oct 10 10:17:07 2017] GET /cismapper => generated 233 bytes in 25 msecs (HTTP/1.1 404) 2 headers in 72 bytes (1 switches on core 0)
announcing my loyalty to the Emperor...
SIGINT/SIGQUIT received...killing workers...
Tue Oct 10 10:25:09 2017 - received message 0 from emperor
worker 1 buried after 1 seconds
goodbye to uWSGI.
VACUUM: pidfile removed.
VACUUM: unix socket /run/uwsgi/BIOL3014.sock removed.
*** Starting uWSGI 2.0.12-debian (64bit) on [Tue Oct 10 10:25:13 2017] ***
compiled with version: 5.4.0 20160609 on 31 August 2017 21:02:04
os: Linux-4.4.0-36-generic #55-Ubuntu SMP Thu Aug 11 18:01:55 UTC 2016
nodename: bioinf
machine: x86_64
clock source: unix
pcre jit disabled
detected number of CPU cores: 12
current working directory: /etc/uwsgi/apps-enabled
writing pidfile to /run/uwsgi/BIOL3014.pid
detected binary path: /usr/bin/uwsgi-core
chdir() to /var/www/PythonApps/BIOL3014
your processes number limit is 257311
your memory page size is 4096 bytes
detected max file descriptor number: 1024
VirtualHosting mode enabled.
lock engine: pthread robust mutexes
thunder lock: disabled (you can enable it with --thunder-lock)
uwsgi socket 0 bound to UNIX address /run/uwsgi/BIOL3014.sock fd 3
Python version: 3.5.2 (default, Aug 18 2017, 17:48:00)  [GCC 5.4.0 20160609]
Set PythonHome to /var/www/PythonApps/BIOL3014/venv
*** Python threads support is disabled. You can enable it with --enable-threads ***
Python main interpreter initialized at 0x26b08f0
your server socket listen backlog is limited to 100 connections
your mercy for graceful operations on workers is 60 seconds
mapped 145536 bytes (142 KB) for 1 cores
*** Operational MODE: single process ***
WSGI app 0 (mountpoint='') ready in 1 seconds on interpreter 0x26b08f0 pid: 22618 (default app)
*** uWSGI is running in multiple interpreter mode ***
spawned uWSGI master process (pid: 22618)
spawned uWSGI worker 1 (pid: 22635, cores: 1)
bioinf.scmb.uq.edu.au:81 [pid: 22635|app: 0|req: 1/1] 10.184.28.147 () {44 vars in 1299 bytes} [Tue Oct 10 10:26:22 2017] GET /cismapper => generated 233 bytes in 27 msecs (HTTP/1.1 404) 2 headers in 72 bytes (1 switches on core 0)
announcing my loyalty to the Emperor...
Tue Oct 10 10:28:01 2017 - received message 0 from emperor
SIGINT/SIGQUIT received...killing workers...
worker 1 buried after 1 seconds
goodbye to uWSGI.
VACUUM: pidfile removed.
VACUUM: unix socket /run/uwsgi/BIOL3014.sock removed.
*** Starting uWSGI 2.0.12-debian (64bit) on [Tue Oct 10 10:53:15 2017] ***
compiled with version: 5.4.0 20160609 on 31 August 2017 21:02:04
os: Linux-4.4.0-36-generic #55-Ubuntu SMP Thu Aug 11 18:01:55 UTC 2016
nodename: bioinf
machine: x86_64
clock source: unix
pcre jit disabled
detected number of CPU cores: 12
current working directory: /etc/uwsgi/apps-enabled
writing pidfile to /run/uwsgi/BIOL3014.pid
detected binary path: /usr/bin/uwsgi-core
chdir() to /var/www/PythonApps/BIOL3014
your processes number limit is 257311
your memory page size is 4096 bytes
detected max file descriptor number: 1024
VirtualHosting mode enabled.
lock engine: pthread robust mutexes
thunder lock: disabled (you can enable it with --thunder-lock)
uwsgi socket 0 bound to UNIX address /run/uwsgi/BIOL3014.sock fd 3
Python version: 3.5.2 (default, Aug 18 2017, 17:48:00)  [GCC 5.4.0 20160609]
Set PythonHome to /var/www/PythonApps/BIOL3014/venv
*** Python threads support is disabled. You can enable it with --enable-threads ***
Python main interpreter initialized at 0x9478f0
your server socket listen backlog is limited to 100 connections
your mercy for graceful operations on workers is 60 seconds
mapped 145536 bytes (142 KB) for 1 cores
*** Operational MODE: single process ***
WSGI app 0 (mountpoint='') ready in 1 seconds on interpreter 0x9478f0 pid: 23661 (default app)
*** uWSGI is running in multiple interpreter mode ***
spawned uWSGI master process (pid: 23661)
spawned uWSGI worker 1 (pid: 23674, cores: 1)
bioinf.scmb.uq.edu.au:81 [pid: 23674|app: 0|req: 1/1] 10.184.28.147 () {44 vars in 1302 bytes} [Tue Oct 10 10:53:20 2017] GET /BIOL3014/ => generated 929 bytes in 34 msecs (HTTP/1.1 200) 2 headers in 80 bytes (1 switches on core 0)
announcing my loyalty to the Emperor...
bioinf.scmb.uq.edu.au:81 [pid: 23674|app: 0|req: 2/2] 10.184.28.147 () {44 vars in 1299 bytes} [Tue Oct 10 10:53:20 2017] GET /static/css/quiz.css => generated 233 bytes in 17 msecs (HTTP/1.1 404) 2 headers in 72 bytes (1 switches on core 0)
bioinf.scmb.uq.edu.au:81 [pid: 23674|app: 0|req: 3/3] 10.184.28.147 () {44 vars in 1303 bytes} [Tue Oct 10 10:53:20 2017] GET /static/css/syntax.css => generated 233 bytes in 1 msecs (HTTP/1.1 404) 2 headers in 72 bytes (1 switches on core 0)
bioinf.scmb.uq.edu.au:81 [pid: 23674|app: 0|req: 4/4] 10.184.28.147 () {46 vars in 1359 bytes} [Tue Oct 10 10:53:22 2017] GET /BIOL3014/ => generated 929 bytes in 5 msecs (HTTP/1.1 200) 2 headers in 80 bytes (1 switches on core 0)
bioinf.scmb.uq.edu.au:81 [pid: 23674|app: 0|req: 5/5] 10.184.28.147 () {44 vars in 1299 bytes} [Tue Oct 10 10:53:22 2017] GET /static/css/quiz.css => generated 233 bytes in 2 msecs (HTTP/1.1 404) 2 headers in 72 bytes (1 switches on core 0)
bioinf.scmb.uq.edu.au:81 [pid: 23674|app: 0|req: 6/6] 10.184.28.147 () {44 vars in 1303 bytes} [Tue Oct 10 10:53:22 2017] GET /static/css/syntax.css => generated 233 bytes in 2 msecs (HTTP/1.1 404) 2 headers in 72 bytes (1 switches on core 0)
bioinf.scmb.uq.edu.au:81 [pid: 23674|app: 0|req: 7/7] 10.184.28.147 () {46 vars in 1371 bytes} [Tue Oct 10 10:53:24 2017] GET /BIOL3014/signup => generated 1897 bytes in 36 msecs (HTTP/1.1 200) 2 headers in 81 bytes (1 switches on core 0)
bioinf.scmb.uq.edu.au:81 [pid: 23674|app: 0|req: 8/8] 10.184.28.147 () {44 vars in 1305 bytes} [Tue Oct 10 10:53:24 2017] GET /static/css/quiz.css => generated 233 bytes in 2 msecs (HTTP/1.1 404) 2 headers in 72 bytes (1 switches on core 0)
bioinf.scmb.uq.edu.au:81 [pid: 23674|app: 0|req: 9/9] 10.184.28.147 () {44 vars in 1309 bytes} [Tue Oct 10 10:53:24 2017] GET /static/css/syntax.css => generated 233 bytes in 2 msecs (HTTP/1.1 404) 2 headers in 72 bytes (1 switches on core 0)
bioinf.scmb.uq.edu.au:81 [pid: 23674|app: 0|req: 10/10] 10.184.28.147 () {46 vars in 1365 bytes} [Tue Oct 10 10:53:25 2017] GET /BIOL3014/ => generated 929 bytes in 5 msecs (HTTP/1.1 200) 2 headers in 80 bytes (1 switches on core 0)
bioinf.scmb.uq.edu.au:81 [pid: 23674|app: 0|req: 11/11] 10.184.28.147 () {44 vars in 1299 bytes} [Tue Oct 10 10:53:25 2017] GET /static/css/quiz.css => generated 233 bytes in 2 msecs (HTTP/1.1 404) 2 headers in 72 bytes (1 switches on core 0)
bioinf.scmb.uq.edu.au:81 [pid: 23674|app: 0|req: 12/12] 10.184.28.147 () {44 vars in 1303 bytes} [Tue Oct 10 10:53:25 2017] GET /static/css/syntax.css => generated 233 bytes in 1 msecs (HTTP/1.1 404) 2 headers in 72 bytes (1 switches on core 0)
bioinf.scmb.uq.edu.au:81 [pid: 23674|app: 0|req: 13/13] 10.184.28.147 () {46 vars in 1369 bytes} [Tue Oct 10 10:53:26 2017] GET /BIOL3014/login => generated 1331 bytes in 22 msecs (HTTP/1.1 200) 2 headers in 81 bytes (1 switches on core 0)
bioinf.scmb.uq.edu.au:81 [pid: 23674|app: 0|req: 14/14] 10.184.28.147 () {44 vars in 1304 bytes} [Tue Oct 10 10:53:26 2017] GET /static/css/quiz.css => generated 233 bytes in 2 msecs (HTTP/1.1 404) 2 headers in 72 bytes (1 switches on core 0)
bioinf.scmb.uq.edu.au:81 [pid: 23674|app: 0|req: 15/15] 10.184.28.147 () {44 vars in 1308 bytes} [Tue Oct 10 10:53:26 2017] GET /static/css/syntax.css => generated 233 bytes in 2 msecs (HTTP/1.1 404) 2 headers in 72 bytes (1 switches on core 0)
bioinf.scmb.uq.edu.au:81 [pid: 23674|app: 0|req: 16/16] 10.184.28.147 () {46 vars in 1364 bytes} [Tue Oct 10 10:53:27 2017] GET /BIOL3014/ => generated 929 bytes in 4 msecs (HTTP/1.1 200) 2 headers in 80 bytes (1 switches on core 0)
bioinf.scmb.uq.edu.au:81 [pid: 23674|app: 0|req: 17/17] 10.184.28.147 () {44 vars in 1299 bytes} [Tue Oct 10 10:53:27 2017] GET /static/css/quiz.css => generated 233 bytes in 1 msecs (HTTP/1.1 404) 2 headers in 72 bytes (1 switches on core 0)
bioinf.scmb.uq.edu.au:81 [pid: 23674|app: 0|req: 18/18] 10.184.28.147 () {44 vars in 1303 bytes} [Tue Oct 10 10:53:27 2017] GET /static/css/syntax.css => generated 233 bytes in 0 msecs (HTTP/1.1 404) 2 headers in 72 bytes (1 switches on core 0)
bioinf.scmb.uq.edu.au:81 [pid: 23674|app: 0|req: 19/19] 10.184.28.147 () {46 vars in 1371 bytes} [Tue Oct 10 10:53:31 2017] GET /BIOL3014/signup => generated 1897 bytes in 7 msecs (HTTP/1.1 200) 2 headers in 81 bytes (1 switches on core 0)
bioinf.scmb.uq.edu.au:81 [pid: 23674|app: 0|req: 20/20] 10.184.28.147 () {44 vars in 1305 bytes} [Tue Oct 10 10:53:31 2017] GET /static/css/quiz.css => generated 233 bytes in 2 msecs (HTTP/1.1 404) 2 headers in 72 bytes (1 switches on core 0)
bioinf.scmb.uq.edu.au:81 [pid: 23674|app: 0|req: 21/21] 10.184.28.147 () {44 vars in 1309 bytes} [Tue Oct 10 10:53:31 2017] GET /static/css/syntax.css => generated 233 bytes in 2 msecs (HTTP/1.1 404) 2 headers in 72 bytes (1 switches on core 0)
bioinf.scmb.uq.edu.au:81 [pid: 23674|app: 0|req: 22/22] 10.184.28.147 () {44 vars in 1305 bytes} [Tue Oct 10 10:53:35 2017] GET /static/css/quiz.css => generated 233 bytes in 3 msecs (HTTP/1.1 404) 2 headers in 72 bytes (1 switches on core 0)
bioinf.scmb.uq.edu.au:81 [pid: 23674|app: 0|req: 23/23] 10.184.28.147 () {44 vars in 1309 bytes} [Tue Oct 10 10:53:35 2017] GET /static/css/syntax.css => generated 233 bytes in 2 msecs (HTTP/1.1 404) 2 headers in 72 bytes (1 switches on core 0)
bioinf.scmb.uq.edu.au:81 [pid: 23674|app: 0|req: 24/24] 10.184.28.147 () {44 vars in 1314 bytes} [Tue Oct 10 10:53:35 2017] GET /BIOL3014/signup => generated 1897 bytes in 7 msecs (HTTP/1.1 200) 2 headers in 81 bytes (1 switches on core 0)
bioinf.scmb.uq.edu.au:81 [pid: 23674|app: 0|req: 25/25] 10.184.28.147 () {44 vars in 1323 bytes} [Tue Oct 10 10:53:37 2017] GET /icons/ubuntu-logo.png => generated 233 bytes in 2 msecs (HTTP/1.1 404) 2 headers in 72 bytes (1 switches on core 0)
bioinf.scmb.uq.edu.au:81 [pid: 23674|app: 0|req: 26/26] 10.184.28.147 () {44 vars in 1302 bytes} [Tue Oct 10 10:53:37 2017] GET /cismapper => generated 233 bytes in 2 msecs (HTTP/1.1 404) 2 headers in 72 bytes (1 switches on core 0)
bioinf.scmb.uq.edu.au:81 [pid: 23674|app: 0|req: 27/27] 10.184.28.147 () {44 vars in 1302 bytes} [Tue Oct 10 10:56:11 2017] GET /cismapper => generated 233 bytes in 3 msecs (HTTP/1.1 404) 2 headers in 72 bytes (1 switches on core 0)
bioinf.scmb.uq.edu.au:81 [pid: 23674|app: 0|req: 28/28] 10.184.28.147 () {44 vars in 1302 bytes} [Tue Oct 10 10:59:32 2017] GET /cismapper => generated 233 bytes in 3 msecs (HTTP/1.1 404) 2 headers in 72 bytes (1 switches on core 0)
bioinf.scmb.uq.edu.au:81 [pid: 23674|app: 0|req: 29/29] 10.184.28.147 () {44 vars in 1314 bytes} [Tue Oct 10 10:59:35 2017] GET /BIOL3014/signup => generated 1897 bytes in 8 msecs (HTTP/1.1 200) 2 headers in 81 bytes (1 switches on core 0)
bioinf.scmb.uq.edu.au:81 [pid: 23674|app: 0|req: 30/30] 10.184.28.147 () {44 vars in 1302 bytes} [Tue Oct 10 10:59:37 2017] GET /BIOL3014/ => generated 929 bytes in 5 msecs (HTTP/1.1 200) 2 headers in 80 bytes (1 switches on core 0)
bioinf.scmb.uq.edu.au:81 [pid: 23674|app: 0|req: 31/31] 10.184.28.147 () {44 vars in 1302 bytes} [Tue Oct 10 10:59:37 2017] GET /BIOL3014/ => generated 929 bytes in 5 msecs (HTTP/1.1 200) 2 headers in 80 bytes (1 switches on core 0)
bioinf.scmb.uq.edu.au:81 [pid: 23674|app: 0|req: 32/32] 10.184.28.147 () {44 vars in 1302 bytes} [Tue Oct 10 10:59:37 2017] GET /BIOL3014/ => generated 929 bytes in 4 msecs (HTTP/1.1 200) 2 headers in 80 bytes (1 switches on core 0)
bioinf.scmb.uq.edu.au:81 [pid: 23674|app: 0|req: 33/33] 10.184.28.147 () {46 vars in 1371 bytes} [Tue Oct 10 11:00:08 2017] GET /BIOL3014/signup => generated 1897 bytes in 7 msecs (HTTP/1.1 200) 2 headers in 81 bytes (1 switches on core 0)
bioinf.scmb.uq.edu.au:81 [pid: 23674|app: 0|req: 34/34] 10.184.28.147 () {44 vars in 1304 bytes} [Tue Oct 10 11:01:08 2017] GET /BIOL3014/signup => generated 1897 bytes in 7 msecs (HTTP/1.1 200) 2 headers in 81 bytes (1 switches on core 0)
bioinf.scmb.uq.edu.au:81 [pid: 23674|app: 0|req: 35/35] 10.184.28.147 () {44 vars in 1295 bytes} [Tue Oct 10 11:01:08 2017] GET /static/css/quiz.css => generated 233 bytes in 2 msecs (HTTP/1.1 404) 2 headers in 72 bytes (1 switches on core 0)
bioinf.scmb.uq.edu.au:81 [pid: 23674|app: 0|req: 36/36] 10.184.28.147 () {44 vars in 1292 bytes} [Tue Oct 10 11:01:09 2017] GET /BIOL3014/ => generated 929 bytes in 5 msecs (HTTP/1.1 200) 2 headers in 80 bytes (1 switches on core 0)
bioinf.scmb.uq.edu.au:81 [pid: 23674|app: 0|req: 37/37] 10.184.28.147 () {44 vars in 1289 bytes} [Tue Oct 10 11:01:09 2017] GET /static/css/quiz.css => generated 233 bytes in 2 msecs (HTTP/1.1 404) 2 headers in 72 bytes (1 switches on core 0)
bioinf.scmb.uq.edu.au:81 [pid: 23674|app: 0|req: 38/38] 10.184.28.147 () {44 vars in 1292 bytes} [Tue Oct 10 11:01:09 2017] GET /BIOL3014/ => generated 929 bytes in 5 msecs (HTTP/1.1 200) 2 headers in 80 bytes (1 switches on core 0)
bioinf.scmb.uq.edu.au:81 [pid: 23674|app: 0|req: 39/39] 10.184.28.147 () {44 vars in 1292 bytes} [Tue Oct 10 11:01:09 2017] GET /BIOL3014/ => generated 929 bytes in 4 msecs (HTTP/1.1 200) 2 headers in 80 bytes (1 switches on core 0)
bioinf.scmb.uq.edu.au:81 [pid: 23674|app: 0|req: 40/40] 10.184.28.147 () {44 vars in 1289 bytes} [Tue Oct 10 11:01:09 2017] GET /static/css/quiz.css => generated 233 bytes in 2 msecs (HTTP/1.1 404) 2 headers in 72 bytes (1 switches on core 0)
bioinf.scmb.uq.edu.au:81 [pid: 23674|app: 0|req: 41/41] 10.184.28.147 () {44 vars in 1292 bytes} [Tue Oct 10 11:02:06 2017] GET /BIOL3014/ => generated 929 bytes in 5 msecs (HTTP/1.1 200) 2 headers in 80 bytes (1 switches on core 0)
bioinf.scmb.uq.edu.au:81 [pid: 23674|app: 0|req: 42/42] 10.184.28.147 () {44 vars in 1289 bytes} [Tue Oct 10 11:02:06 2017] GET /static/css/quiz.css => generated 233 bytes in 2 msecs (HTTP/1.1 404) 2 headers in 72 bytes (1 switches on core 0)
bioinf.scmb.uq.edu.au:81 [pid: 23674|app: 0|req: 43/43] 10.184.28.147 () {44 vars in 1292 bytes} [Tue Oct 10 11:02:08 2017] GET /BIOL3014/ => generated 929 bytes in 2 msecs (HTTP/1.1 200) 2 headers in 80 bytes (1 switches on core 0)
bioinf.scmb.uq.edu.au:81 [pid: 23674|app: 0|req: 44/44] 10.184.28.147 () {44 vars in 1289 bytes} [Tue Oct 10 11:02:08 2017] GET /static/css/quiz.css => generated 233 bytes in 1 msecs (HTTP/1.1 404) 2 headers in 72 bytes (1 switches on core 0)
bioinf.scmb.uq.edu.au:81 [pid: 23674|app: 0|req: 45/45] 10.184.28.147 () {44 vars in 1289 bytes} [Tue Oct 10 11:02:08 2017] GET /static/css/quiz.css => generated 233 bytes in 2 msecs (HTTP/1.1 404) 2 headers in 72 bytes (1 switches on core 0)
bioinf.scmb.uq.edu.au:81 [pid: 23674|app: 0|req: 46/46] 10.184.28.147 () {44 vars in 1292 bytes} [Tue Oct 10 11:02:09 2017] GET /BIOL3014/ => generated 929 bytes in 4 msecs (HTTP/1.1 200) 2 headers in 80 bytes (1 switches on core 0)
bioinf.scmb.uq.edu.au:81 [pid: 23674|app: 0|req: 47/47] 10.184.28.147 () {44 vars in 1289 bytes} [Tue Oct 10 11:02:09 2017] GET /static/css/quiz.css => generated 233 bytes in 0 msecs (HTTP/1.1 404) 2 headers in 72 bytes (1 switches on core 0)
bioinf.scmb.uq.edu.au:81 [pid: 23674|app: 0|req: 48/48] 10.184.28.147 () {44 vars in 1289 bytes} [Tue Oct 10 11:02:09 2017] GET /static/css/quiz.css => generated 233 bytes in 2 msecs (HTTP/1.1 404) 2 headers in 72 bytes (1 switches on core 0)
bioinf.scmb.uq.edu.au:81 [pid: 23674|app: 0|req: 49/49] 10.184.28.147 () {44 vars in 1289 bytes} [Tue Oct 10 11:02:11 2017] GET /static/css/quiz.css => generated 233 bytes in 1 msecs (HTTP/1.1 404) 2 headers in 72 bytes (1 switches on core 0)
bioinf.scmb.uq.edu.au:81 [pid: 23674|app: 0|req: 50/50] 10.184.28.147 () {46 vars in 1349 bytes} [Tue Oct 10 11:02:11 2017] GET /BIOL3014/ => generated 929 bytes in 1 msecs (HTTP/1.1 200) 2 headers in 80 bytes (1 switches on core 0)
bioinf.scmb.uq.edu.au:81 [pid: 23674|app: 0|req: 51/51] 10.184.28.147 () {44 vars in 1299 bytes} [Tue Oct 10 11:04:26 2017] GET /BIOL3014/ => generated 929 bytes in 5 msecs (HTTP/1.1 200) 2 headers in 80 bytes (1 switches on core 0)
bioinf.scmb.uq.edu.au:81 [pid: 23674|app: 0|req: 52/52] 10.184.28.147 () {44 vars in 1296 bytes} [Tue Oct 10 11:04:26 2017] GET /static/css/quiz.css => generated 233 bytes in 2 msecs (HTTP/1.1 404) 2 headers in 72 bytes (1 switches on core 0)
bioinf.scmb.uq.edu.au:81 [pid: 23674|app: 0|req: 53/53] 10.184.28.147 () {44 vars in 1299 bytes} [Tue Oct 10 11:04:28 2017] GET /BIOL3014/ => generated 929 bytes in 4 msecs (HTTP/1.1 200) 2 headers in 80 bytes (1 switches on core 0)
bioinf.scmb.uq.edu.au:81 [pid: 23674|app: 0|req: 54/54] 10.184.28.147 () {44 vars in 1296 bytes} [Tue Oct 10 11:04:28 2017] GET /static/css/quiz.css => generated 233 bytes in 2 msecs (HTTP/1.1 404) 2 headers in 72 bytes (1 switches on core 0)
bioinf.scmb.uq.edu.au:81 [pid: 23674|app: 0|req: 55/55] 10.184.28.147 () {44 vars in 1296 bytes} [Tue Oct 10 11:04:28 2017] GET /static/css/quiz.css => generated 233 bytes in 2 msecs (HTTP/1.1 404) 2 headers in 72 bytes (1 switches on core 0)
bioinf.scmb.uq.edu.au:81 [pid: 23674|app: 0|req: 56/56] 10.184.28.147 () {46 vars in 1366 bytes} [Tue Oct 10 11:04:30 2017] GET /BIOL3014/login => generated 1331 bytes in 5 msecs (HTTP/1.1 200) 2 headers in 81 bytes (1 switches on core 0)
bioinf.scmb.uq.edu.au:81 [pid: 23674|app: 0|req: 57/57] 10.184.28.147 () {44 vars in 1301 bytes} [Tue Oct 10 11:04:30 2017] GET /static/css/quiz.css => generated 233 bytes in 1 msecs (HTTP/1.1 404) 2 headers in 72 bytes (1 switches on core 0)
bioinf.scmb.uq.edu.au:81 [pid: 23674|app: 0|req: 58/58] 10.184.28.147 () {46 vars in 1361 bytes} [Tue Oct 10 11:04:34 2017] GET /BIOL3014/ => generated 929 bytes in 5 msecs (HTTP/1.1 200) 2 headers in 80 bytes (1 switches on core 0)
bioinf.scmb.uq.edu.au:81 [pid: 23674|app: 0|req: 59/59] 10.184.28.147 () {44 vars in 1296 bytes} [Tue Oct 10 11:04:34 2017] GET /static/css/quiz.css => generated 233 bytes in 2 msecs (HTTP/1.1 404) 2 headers in 72 bytes (1 switches on core 0)
bioinf.scmb.uq.edu.au:81 [pid: 23674|app: 0|req: 60/60] 10.184.28.147 () {44 vars in 1293 bytes} [Tue Oct 10 11:08:18 2017] GET /jupyter => generated 233 bytes in 3 msecs (HTTP/1.1 404) 2 headers in 72 bytes (1 switches on core 0)
SIGINT/SIGQUIT received...killing workers...
Tue Oct 10 11:15:47 2017 - received message 0 from emperor
worker 1 buried after 1 seconds
goodbye to uWSGI.
VACUUM: pidfile removed.
VACUUM: unix socket /run/uwsgi/BIOL3014.sock removed.
*** Starting uWSGI 2.0.12-debian (64bit) on [Tue Oct 10 11:15:50 2017] ***
compiled with version: 5.4.0 20160609 on 31 August 2017 21:02:04
os: Linux-4.4.0-36-generic #55-Ubuntu SMP Thu Aug 11 18:01:55 UTC 2016
nodename: bioinf
machine: x86_64
clock source: unix
pcre jit disabled
detected number of CPU cores: 12
current working directory: /etc/uwsgi/apps-enabled
writing pidfile to /run/uwsgi/BIOL3014.pid
detected binary path: /usr/bin/uwsgi-core
chdir() to /var/www/PythonApps/BIOL3014
your processes number limit is 257311
your memory page size is 4096 bytes
detected max file descriptor number: 1024
VirtualHosting mode enabled.
lock engine: pthread robust mutexes
thunder lock: disabled (you can enable it with --thunder-lock)
uwsgi socket 0 bound to UNIX address /run/uwsgi/BIOL3014.sock fd 3
Python version: 3.5.2 (default, Aug 18 2017, 17:48:00)  [GCC 5.4.0 20160609]
Set PythonHome to /var/www/PythonApps/BIOL3014/venv
*** Python threads support is disabled. You can enable it with --enable-threads ***
Python main interpreter initialized at 0xe468f0
your server socket listen backlog is limited to 100 connections
your mercy for graceful operations on workers is 60 seconds
mapped 145536 bytes (142 KB) for 1 cores
*** Operational MODE: single process ***
WSGI app 0 (mountpoint='') ready in 1 seconds on interpreter 0xe468f0 pid: 24632 (default app)
*** uWSGI is running in multiple interpreter mode ***
spawned uWSGI master process (pid: 24632)
spawned uWSGI worker 1 (pid: 24648, cores: 1)
SIGINT/SIGQUIT received...killing workers...
Tue Oct 10 11:16:48 2017 - received message 0 from emperor
worker 1 buried after 1 seconds
goodbye to uWSGI.
VACUUM: pidfile removed.
VACUUM: unix socket /run/uwsgi/BIOL3014.sock removed.
*** Starting uWSGI 2.0.12-debian (64bit) on [Tue Oct 10 11:16:51 2017] ***
compiled with version: 5.4.0 20160609 on 31 August 2017 21:02:04
os: Linux-4.4.0-36-generic #55-Ubuntu SMP Thu Aug 11 18:01:55 UTC 2016
nodename: bioinf
machine: x86_64
clock source: unix
pcre jit disabled
detected number of CPU cores: 12
current working directory: /etc/uwsgi/apps-enabled
writing pidfile to /run/uwsgi/BIOL3014.pid
detected binary path: /usr/bin/uwsgi-core
chdir() to /var/www/PythonApps/BIOL3014
your processes number limit is 257311
your memory page size is 4096 bytes
detected max file descriptor number: 1024
VirtualHosting mode enabled.
lock engine: pthread robust mutexes
thunder lock: disabled (you can enable it with --thunder-lock)
uwsgi socket 0 bound to UNIX address /run/uwsgi/BIOL3014.sock fd 3
Python version: 3.5.2 (default, Aug 18 2017, 17:48:00)  [GCC 5.4.0 20160609]
Set PythonHome to /var/www/PythonApps/BIOL3014/venv
*** Python threads support is disabled. You can enable it with --enable-threads ***
Python main interpreter initialized at 0x1b678f0
your server socket listen backlog is limited to 100 connections
your mercy for graceful operations on workers is 60 seconds
mapped 145536 bytes (142 KB) for 1 cores
*** Operational MODE: single process ***
WSGI app 0 (mountpoint='') ready in 1 seconds on interpreter 0x1b678f0 pid: 24753 (default app)
*** uWSGI is running in multiple interpreter mode ***
spawned uWSGI master process (pid: 24753)
spawned uWSGI worker 1 (pid: 24769, cores: 1)
SIGINT/SIGQUIT received...killing workers...
Tue Oct 10 11:47:08 2017 - received message 0 from emperor
worker 1 buried after 1 seconds
goodbye to uWSGI.
VACUUM: pidfile removed.
VACUUM: unix socket /run/uwsgi/BIOL3014.sock removed.
*** Starting uWSGI 2.0.12-debian (64bit) on [Tue Oct 10 11:47:11 2017] ***
compiled with version: 5.4.0 20160609 on 31 August 2017 21:02:04
os: Linux-4.4.0-36-generic #55-Ubuntu SMP Thu Aug 11 18:01:55 UTC 2016
nodename: bioinf
machine: x86_64
clock source: unix
pcre jit disabled
detected number of CPU cores: 12
current working directory: /etc/uwsgi/apps-enabled
writing pidfile to /run/uwsgi/BIOL3014.pid
detected binary path: /usr/bin/uwsgi-core
chdir() to /var/www/PythonApps/BIOL3014
your processes number limit is 257311
your memory page size is 4096 bytes
detected max file descriptor number: 1024
VirtualHosting mode enabled.
lock engine: pthread robust mutexes
thunder lock: disabled (you can enable it with --thunder-lock)
uwsgi socket 0 bound to UNIX address /run/uwsgi/BIOL3014.sock fd 3
Python version: 3.5.2 (default, Aug 18 2017, 17:48:00)  [GCC 5.4.0 20160609]
Set PythonHome to /var/www/PythonApps/BIOL3014/venv
*** Python threads support is disabled. You can enable it with --enable-threads ***
Python main interpreter initialized at 0x15708f0
your server socket listen backlog is limited to 100 connections
your mercy for graceful operations on workers is 60 seconds
mapped 145536 bytes (142 KB) for 1 cores
*** Operational MODE: single process ***
WSGI app 0 (mountpoint='') ready in 1 seconds on interpreter 0x15708f0 pid: 25420 (default app)
*** uWSGI is running in multiple interpreter mode ***
spawned uWSGI master process (pid: 25420)
spawned uWSGI worker 1 (pid: 25436, cores: 1)
SIGINT/SIGQUIT received...killing workers...
Tue Oct 10 11:50:18 2017 - received message 0 from emperor
worker 1 buried after 1 seconds
goodbye to uWSGI.
VACUUM: pidfile removed.
VACUUM: unix socket /run/uwsgi/BIOL3014.sock removed.
*** Starting uWSGI 2.0.12-debian (64bit) on [Tue Oct 10 11:50:21 2017] ***
compiled with version: 5.4.0 20160609 on 31 August 2017 21:02:04
os: Linux-4.4.0-36-generic #55-Ubuntu SMP Thu Aug 11 18:01:55 UTC 2016
nodename: bioinf
machine: x86_64
clock source: unix
pcre jit disabled
detected number of CPU cores: 12
current working directory: /etc/uwsgi/apps-enabled
writing pidfile to /run/uwsgi/BIOL3014.pid
detected binary path: /usr/bin/uwsgi-core
chdir() to /var/www/PythonApps/BIOL3014
your processes number limit is 257311
your memory page size is 4096 bytes
detected max file descriptor number: 1024
VirtualHosting mode enabled.
lock engine: pthread robust mutexes
thunder lock: disabled (you can enable it with --thunder-lock)
uwsgi socket 0 bound to UNIX address /run/uwsgi/BIOL3014.sock fd 3
Python version: 3.5.2 (default, Aug 18 2017, 17:48:00)  [GCC 5.4.0 20160609]
Set PythonHome to /var/www/PythonApps/BIOL3014/venv
*** Python threads support is disabled. You can enable it with --enable-threads ***
Python main interpreter initialized at 0xa888f0
your server socket listen backlog is limited to 100 connections
your mercy for graceful operations on workers is 60 seconds
mapped 145536 bytes (142 KB) for 1 cores
*** Operational MODE: single process ***
WSGI app 0 (mountpoint='') ready in 1 seconds on interpreter 0xa888f0 pid: 25547 (default app)
*** uWSGI is running in multiple interpreter mode ***
spawned uWSGI master process (pid: 25547)
spawned uWSGI worker 1 (pid: 25563, cores: 1)
SIGINT/SIGQUIT received...killing workers...
Tue Oct 10 11:56:18 2017 - received message 0 from emperor
worker 1 buried after 1 seconds
goodbye to uWSGI.
VACUUM: pidfile removed.
VACUUM: unix socket /run/uwsgi/BIOL3014.sock removed.
*** Starting uWSGI 2.0.12-debian (64bit) on [Tue Oct 10 11:56:21 2017] ***
compiled with version: 5.4.0 20160609 on 31 August 2017 21:02:04
os: Linux-4.4.0-36-generic #55-Ubuntu SMP Thu Aug 11 18:01:55 UTC 2016
nodename: bioinf
machine: x86_64
clock source: unix
pcre jit disabled
detected number of CPU cores: 12
current working directory: /etc/uwsgi/apps-enabled
writing pidfile to /run/uwsgi/BIOL3014.pid
detected binary path: /usr/bin/uwsgi-core
chdir() to /var/www/PythonApps/BIOL3014
your processes number limit is 257311
your memory page size is 4096 bytes
detected max file descriptor number: 1024
VirtualHosting mode enabled.
lock engine: pthread robust mutexes
thunder lock: disabled (you can enable it with --thunder-lock)
uwsgi socket 0 bound to UNIX address /run/uwsgi/BIOL3014.sock fd 3
Python version: 3.5.2 (default, Aug 18 2017, 17:48:00)  [GCC 5.4.0 20160609]
Set PythonHome to /var/www/PythonApps/BIOL3014/venv
*** Python threads support is disabled. You can enable it with --enable-threads ***
Python main interpreter initialized at 0x17e18f0
your server socket listen backlog is limited to 100 connections
your mercy for graceful operations on workers is 60 seconds
mapped 145536 bytes (142 KB) for 1 cores
*** Operational MODE: single process ***
WSGI app 0 (mountpoint='') ready in 1 seconds on interpreter 0x17e18f0 pid: 25726 (default app)
*** uWSGI is running in multiple interpreter mode ***
spawned uWSGI master process (pid: 25726)
spawned uWSGI worker 1 (pid: 25743, cores: 1)
SIGINT/SIGQUIT received...killing workers...
Tue Oct 10 12:09:20 2017 - received message 0 from emperor
worker 1 buried after 1 seconds
goodbye to uWSGI.
VACUUM: pidfile removed.
VACUUM: unix socket /run/uwsgi/BIOL3014.sock removed.
*** Starting uWSGI 2.0.12-debian (64bit) on [Tue Oct 10 12:09:28 2017] ***
compiled with version: 5.4.0 20160609 on 31 August 2017 21:02:04
os: Linux-4.4.0-36-generic #55-Ubuntu SMP Thu Aug 11 18:01:55 UTC 2016
nodename: bioinf
machine: x86_64
clock source: unix
pcre jit disabled
detected number of CPU cores: 12
current working directory: /etc/uwsgi/apps-enabled
writing pidfile to /run/uwsgi/BIOL3014.pid
detected binary path: /usr/bin/uwsgi-core
chdir() to /var/www/PythonApps/BIOL3014
your processes number limit is 257311
your memory page size is 4096 bytes
detected max file descriptor number: 1024
VirtualHosting mode enabled.
lock engine: pthread robust mutexes
thunder lock: disabled (you can enable it with --thunder-lock)
uwsgi socket 0 bound to UNIX address /run/uwsgi/BIOL3014.sock fd 3
Python version: 3.5.2 (default, Aug 18 2017, 17:48:00)  [GCC 5.4.0 20160609]
Set PythonHome to /var/www/PythonApps/BIOL3014/venv
*** Python threads support is disabled. You can enable it with --enable-threads ***
Python main interpreter initialized at 0x176c8f0
your server socket listen backlog is limited to 100 connections
your mercy for graceful operations on workers is 60 seconds
mapped 145536 bytes (142 KB) for 1 cores
*** Operational MODE: single process ***
WSGI app 0 (mountpoint='') ready in 1 seconds on interpreter 0x176c8f0 pid: 26203 (default app)
*** uWSGI is running in multiple interpreter mode ***
spawned uWSGI master process (pid: 26203)
spawned uWSGI worker 1 (pid: 26219, cores: 1)
Tue Oct 10 12:24:52 2017 - received message 0 from emperor
SIGINT/SIGQUIT received...killing workers...
worker 1 buried after 1 seconds
goodbye to uWSGI.
VACUUM: pidfile removed.
VACUUM: unix socket /run/uwsgi/BIOL3014.sock removed.
*** Starting uWSGI 2.0.12-debian (64bit) on [Tue Oct 10 12:24:55 2017] ***
compiled with version: 5.4.0 20160609 on 31 August 2017 21:02:04
os: Linux-4.4.0-36-generic #55-Ubuntu SMP Thu Aug 11 18:01:55 UTC 2016
nodename: bioinf
machine: x86_64
clock source: unix
pcre jit disabled
detected number of CPU cores: 12
current working directory: /etc/uwsgi/apps-enabled
writing pidfile to /run/uwsgi/BIOL3014.pid
detected binary path: /usr/bin/uwsgi-core
chdir() to /var/www/PythonApps/BIOL3014
your processes number limit is 257311
your memory page size is 4096 bytes
detected max file descriptor number: 1024
VirtualHosting mode enabled.
lock engine: pthread robust mutexes
thunder lock: disabled (you can enable it with --thunder-lock)
uwsgi socket 0 bound to UNIX address /run/uwsgi/BIOL3014.sock fd 3
Python version: 3.5.2 (default, Aug 18 2017, 17:48:00)  [GCC 5.4.0 20160609]
Set PythonHome to /var/www/PythonApps/BIOL3014/venv
*** Python threads support is disabled. You can enable it with --enable-threads ***
Python main interpreter initialized at 0x7d28f0
your server socket listen backlog is limited to 100 connections
your mercy for graceful operations on workers is 60 seconds
mapped 145536 bytes (142 KB) for 1 cores
*** Operational MODE: single process ***
WSGI app 0 (mountpoint='') ready in 1 seconds on interpreter 0x7d28f0 pid: 27068 (default app)
*** uWSGI is running in multiple interpreter mode ***
spawned uWSGI master process (pid: 27068)
spawned uWSGI worker 1 (pid: 27086, cores: 1)
SIGINT/SIGQUIT received...killing workers...
Tue Oct 10 12:25:57 2017 - received message 0 from emperor
worker 1 buried after 1 seconds
goodbye to uWSGI.
VACUUM: pidfile removed.
VACUUM: unix socket /run/uwsgi/BIOL3014.sock removed.
*** Starting uWSGI 2.0.12-debian (64bit) on [Tue Oct 10 12:26:00 2017] ***
compiled with version: 5.4.0 20160609 on 31 August 2017 21:02:04
os: Linux-4.4.0-36-generic #55-Ubuntu SMP Thu Aug 11 18:01:55 UTC 2016
nodename: bioinf
machine: x86_64
clock source: unix
pcre jit disabled
detected number of CPU cores: 12
current working directory: /etc/uwsgi/apps-enabled
writing pidfile to /run/uwsgi/BIOL3014.pid
detected binary path: /usr/bin/uwsgi-core
chdir() to /var/www/PythonApps/BIOL3014
your processes number limit is 257311
your memory page size is 4096 bytes
detected max file descriptor number: 1024
VirtualHosting mode enabled.
lock engine: pthread robust mutexes
thunder lock: disabled (you can enable it with --thunder-lock)
uwsgi socket 0 bound to UNIX address /run/uwsgi/BIOL3014.sock fd 3
Python version: 3.5.2 (default, Aug 18 2017, 17:48:00)  [GCC 5.4.0 20160609]
Set PythonHome to /var/www/PythonApps/BIOL3014/venv
*** Python threads support is disabled. You can enable it with --enable-threads ***
Python main interpreter initialized at 0x186c8f0
your server socket listen backlog is limited to 100 connections
your mercy for graceful operations on workers is 60 seconds
mapped 145536 bytes (142 KB) for 1 cores
*** Operational MODE: single process ***
WSGI app 0 (mountpoint='') ready in 1 seconds on interpreter 0x186c8f0 pid: 27141 (default app)
*** uWSGI is running in multiple interpreter mode ***
spawned uWSGI master process (pid: 27141)
spawned uWSGI worker 1 (pid: 27158, cores: 1)
SIGINT/SIGQUIT received...killing workers...
Tue Oct 10 12:27:18 2017 - received message 0 from emperor
worker 1 buried after 1 seconds
goodbye to uWSGI.
VACUUM: pidfile removed.
VACUUM: unix socket /run/uwsgi/BIOL3014.sock removed.
*** Starting uWSGI 2.0.12-debian (64bit) on [Tue Oct 10 12:27:21 2017] ***
compiled with version: 5.4.0 20160609 on 31 August 2017 21:02:04
os: Linux-4.4.0-36-generic #55-Ubuntu SMP Thu Aug 11 18:01:55 UTC 2016
nodename: bioinf
machine: x86_64
clock source: unix
pcre jit disabled
detected number of CPU cores: 12
current working directory: /etc/uwsgi/apps-enabled
writing pidfile to /run/uwsgi/BIOL3014.pid
detected binary path: /usr/bin/uwsgi-core
chdir() to /var/www/PythonApps/BIOL3014
your processes number limit is 257311
your memory page size is 4096 bytes
detected max file descriptor number: 1024
VirtualHosting mode enabled.
lock engine: pthread robust mutexes
thunder lock: disabled (you can enable it with --thunder-lock)
uwsgi socket 0 bound to UNIX address /run/uwsgi/BIOL3014.sock fd 3
Python version: 3.5.2 (default, Aug 18 2017, 17:48:00)  [GCC 5.4.0 20160609]
Set PythonHome to /var/www/PythonApps/BIOL3014/venv
*** Python threads support is disabled. You can enable it with --enable-threads ***
Python main interpreter initialized at 0x1eef8f0
your server socket listen backlog is limited to 100 connections
your mercy for graceful operations on workers is 60 seconds
mapped 145536 bytes (142 KB) for 1 cores
*** Operational MODE: single process ***
WSGI app 0 (mountpoint='') ready in 1 seconds on interpreter 0x1eef8f0 pid: 27218 (default app)
*** uWSGI is running in multiple interpreter mode ***
spawned uWSGI master process (pid: 27218)
spawned uWSGI worker 1 (pid: 27234, cores: 1)
SIGINT/SIGQUIT received...killing workers...
Tue Oct 10 12:31:35 2017 - received message 0 from emperor
worker 1 buried after 1 seconds
goodbye to uWSGI.
VACUUM: pidfile removed.
VACUUM: unix socket /run/uwsgi/BIOL3014.sock removed.
*** Starting uWSGI 2.0.12-debian (64bit) on [Tue Oct 10 12:31:38 2017] ***
compiled with version: 5.4.0 20160609 on 31 August 2017 21:02:04
os: Linux-4.4.0-36-generic #55-Ubuntu SMP Thu Aug 11 18:01:55 UTC 2016
nodename: bioinf
machine: x86_64
clock source: unix
pcre jit disabled
detected number of CPU cores: 12
current working directory: /etc/uwsgi/apps-enabled
writing pidfile to /run/uwsgi/BIOL3014.pid
detected binary path: /usr/bin/uwsgi-core
chdir() to /var/www/PythonApps/BIOL3014
your processes number limit is 257311
your memory page size is 4096 bytes
detected max file descriptor number: 1024
VirtualHosting mode enabled.
lock engine: pthread robust mutexes
thunder lock: disabled (you can enable it with --thunder-lock)
uwsgi socket 0 bound to UNIX address /run/uwsgi/BIOL3014.sock fd 3
Python version: 3.5.2 (default, Aug 18 2017, 17:48:00)  [GCC 5.4.0 20160609]
Set PythonHome to /var/www/PythonApps/BIOL3014/venv
*** Python threads support is disabled. You can enable it with --enable-threads ***
Python main interpreter initialized at 0xc1e8f0
your server socket listen backlog is limited to 100 connections
your mercy for graceful operations on workers is 60 seconds
mapped 145536 bytes (142 KB) for 1 cores
*** Operational MODE: single process ***
WSGI app 0 (mountpoint='') ready in 1 seconds on interpreter 0xc1e8f0 pid: 27393 (default app)
*** uWSGI is running in multiple interpreter mode ***
spawned uWSGI master process (pid: 27393)
spawned uWSGI worker 1 (pid: 27411, cores: 1)
SIGINT/SIGQUIT received...killing workers...
Tue Oct 10 12:34:28 2017 - received message 0 from emperor
worker 1 buried after 1 seconds
goodbye to uWSGI.
VACUUM: pidfile removed.
VACUUM: unix socket /run/uwsgi/BIOL3014.sock removed.
*** Starting uWSGI 2.0.12-debian (64bit) on [Tue Oct 10 12:34:31 2017] ***
compiled with version: 5.4.0 20160609 on 31 August 2017 21:02:04
os: Linux-4.4.0-36-generic #55-Ubuntu SMP Thu Aug 11 18:01:55 UTC 2016
nodename: bioinf
machine: x86_64
clock source: unix
pcre jit disabled
detected number of CPU cores: 12
current working directory: /etc/uwsgi/apps-enabled
writing pidfile to /run/uwsgi/BIOL3014.pid
detected binary path: /usr/bin/uwsgi-core
chdir() to /var/www/PythonApps/BIOL3014
your processes number limit is 257311
your memory page size is 4096 bytes
detected max file descriptor number: 1024
VirtualHosting mode enabled.
lock engine: pthread robust mutexes
thunder lock: disabled (you can enable it with --thunder-lock)
uwsgi socket 0 bound to UNIX address /run/uwsgi/BIOL3014.sock fd 3
Python version: 3.5.2 (default, Aug 18 2017, 17:48:00)  [GCC 5.4.0 20160609]
Set PythonHome to /var/www/PythonApps/BIOL3014/venv
*** Python threads support is disabled. You can enable it with --enable-threads ***
Python main interpreter initialized at 0x23598f0
your server socket listen backlog is limited to 100 connections
your mercy for graceful operations on workers is 60 seconds
mapped 145536 bytes (142 KB) for 1 cores
*** Operational MODE: single process ***
WSGI app 0 (mountpoint='') ready in 0 seconds on interpreter 0x23598f0 pid: 27520 (default app)
*** uWSGI is running in multiple interpreter mode ***
spawned uWSGI master process (pid: 27520)
spawned uWSGI worker 1 (pid: 27536, cores: 1)
SIGINT/SIGQUIT received...killing workers...
Tue Oct 10 12:38:09 2017 - received message 0 from emperor
worker 1 buried after 1 seconds
goodbye to uWSGI.
VACUUM: pidfile removed.
VACUUM: unix socket /run/uwsgi/BIOL3014.sock removed.
*** Starting uWSGI 2.0.12-debian (64bit) on [Tue Oct 10 12:38:13 2017] ***
compiled with version: 5.4.0 20160609 on 31 August 2017 21:02:04
os: Linux-4.4.0-36-generic #55-Ubuntu SMP Thu Aug 11 18:01:55 UTC 2016
nodename: bioinf
machine: x86_64
clock source: unix
pcre jit disabled
detected number of CPU cores: 12
current working directory: /etc/uwsgi/apps-enabled
writing pidfile to /run/uwsgi/BIOL3014.pid
detected binary path: /usr/bin/uwsgi-core
chdir() to /var/www/PythonApps/BIOL3014
your processes number limit is 257311
your memory page size is 4096 bytes
detected max file descriptor number: 1024
VirtualHosting mode enabled.
lock engine: pthread robust mutexes
thunder lock: disabled (you can enable it with --thunder-lock)
uwsgi socket 0 bound to UNIX address /run/uwsgi/BIOL3014.sock fd 3
Python version: 3.5.2 (default, Aug 18 2017, 17:48:00)  [GCC 5.4.0 20160609]
Set PythonHome to /var/www/PythonApps/BIOL3014/venv
*** Python threads support is disabled. You can enable it with --enable-threads ***
Python main interpreter initialized at 0xb628f0
your server socket listen backlog is limited to 100 connections
your mercy for graceful operations on workers is 60 seconds
mapped 145536 bytes (142 KB) for 1 cores
*** Operational MODE: single process ***
WSGI app 0 (mountpoint='') ready in 1 seconds on interpreter 0xb628f0 pid: 27636 (default app)
*** uWSGI is running in multiple interpreter mode ***
spawned uWSGI master process (pid: 27636)
spawned uWSGI worker 1 (pid: 27652, cores: 1)
SIGINT/SIGQUIT received...killing workers...
Tue Oct 10 12:42:45 2017 - received message 0 from emperor
worker 1 buried after 1 seconds
goodbye to uWSGI.
VACUUM: pidfile removed.
VACUUM: unix socket /run/uwsgi/BIOL3014.sock removed.
*** Starting uWSGI 2.0.12-debian (64bit) on [Tue Oct 10 12:42:48 2017] ***
compiled with version: 5.4.0 20160609 on 31 August 2017 21:02:04
os: Linux-4.4.0-36-generic #55-Ubuntu SMP Thu Aug 11 18:01:55 UTC 2016
nodename: bioinf
machine: x86_64
clock source: unix
pcre jit disabled
detected number of CPU cores: 12
current working directory: /etc/uwsgi/apps-enabled
writing pidfile to /run/uwsgi/BIOL3014.pid
detected binary path: /usr/bin/uwsgi-core
chdir() to /var/www/PythonApps/BIOL3014
your processes number limit is 257311
your memory page size is 4096 bytes
detected max file descriptor number: 1024
VirtualHosting mode enabled.
lock engine: pthread robust mutexes
thunder lock: disabled (you can enable it with --thunder-lock)
uwsgi socket 0 bound to UNIX address /run/uwsgi/BIOL3014.sock fd 3
Python version: 3.5.2 (default, Aug 18 2017, 17:48:00)  [GCC 5.4.0 20160609]
Set PythonHome to /var/www/PythonApps/BIOL3014/venv
*** Python threads support is disabled. You can enable it with --enable-threads ***
Python main interpreter initialized at 0x10368f0
your server socket listen backlog is limited to 100 connections
your mercy for graceful operations on workers is 60 seconds
mapped 145536 bytes (142 KB) for 1 cores
*** Operational MODE: single process ***
WSGI app 0 (mountpoint='') ready in 1 seconds on interpreter 0x10368f0 pid: 27885 (default app)
*** uWSGI is running in multiple interpreter mode ***
spawned uWSGI master process (pid: 27885)
spawned uWSGI worker 1 (pid: 27901, cores: 1)
SIGINT/SIGQUIT received...killing workers...
Tue Oct 10 12:49:43 2017 - received message 0 from emperor
worker 1 buried after 1 seconds
goodbye to uWSGI.
VACUUM: pidfile removed.
VACUUM: unix socket /run/uwsgi/BIOL3014.sock removed.
*** Starting uWSGI 2.0.12-debian (64bit) on [Tue Oct 10 12:49:46 2017] ***
compiled with version: 5.4.0 20160609 on 31 August 2017 21:02:04
os: Linux-4.4.0-36-generic #55-Ubuntu SMP Thu Aug 11 18:01:55 UTC 2016
nodename: bioinf
machine: x86_64
clock source: unix
pcre jit disabled
detected number of CPU cores: 12
current working directory: /etc/uwsgi/apps-enabled
writing pidfile to /run/uwsgi/BIOL3014.pid
detected binary path: /usr/bin/uwsgi-core
chdir() to /var/www/PythonApps/BIOL3014
your processes number limit is 257311
your memory page size is 4096 bytes
detected max file descriptor number: 1024
VirtualHosting mode enabled.
lock engine: pthread robust mutexes
thunder lock: disabled (you can enable it with --thunder-lock)
uwsgi socket 0 bound to UNIX address /run/uwsgi/BIOL3014.sock fd 3
Python version: 3.5.2 (default, Aug 18 2017, 17:48:00)  [GCC 5.4.0 20160609]
Set PythonHome to /var/www/PythonApps/BIOL3014/venv
*** Python threads support is disabled. You can enable it with --enable-threads ***
Python main interpreter initialized at 0x236c8f0
your server socket listen backlog is limited to 100 connections
your mercy for graceful operations on workers is 60 seconds
mapped 145536 bytes (142 KB) for 1 cores
*** Operational MODE: single process ***
WSGI app 0 (mountpoint='') ready in 1 seconds on interpreter 0x236c8f0 pid: 28102 (default app)
*** uWSGI is running in multiple interpreter mode ***
spawned uWSGI master process (pid: 28102)
spawned uWSGI worker 1 (pid: 28119, cores: 1)
bioinf.scmb.uq.edu.au:81 [pid: 28119|app: 0|req: 1/1] 130.102.251.114 () {44 vars in 1313 bytes} [Tue Oct 10 15:25:43 2017] GET /BIOL3014/ => generated 929 bytes in 27 msecs (HTTP/1.1 200) 2 headers in 80 bytes (1 switches on core 0)
announcing my loyalty to the Emperor...
bioinf.scmb.uq.edu.au:81 [pid: 28119|app: 0|req: 2/2] 130.102.251.114 () {46 vars in 1382 bytes} [Tue Oct 10 15:25:51 2017] GET /BIOL3014/signup => generated 1897 bytes in 41 msecs (HTTP/1.1 200) 2 headers in 81 bytes (1 switches on core 0)
SIGINT/SIGQUIT received...killing workers...
Wed Oct 11 13:59:33 2017 - received message 0 from emperor
worker 1 buried after 1 seconds
goodbye to uWSGI.
VACUUM: pidfile removed.
VACUUM: unix socket /run/uwsgi/BIOL3014.sock removed.
*** Starting uWSGI 2.0.12-debian (64bit) on [Wed Oct 11 14:02:29 2017] ***
compiled with version: 5.4.0 20160609 on 31 August 2017 21:02:04
os: Linux-4.4.0-36-generic #55-Ubuntu SMP Thu Aug 11 18:01:55 UTC 2016
nodename: bioinf
machine: x86_64
clock source: unix
pcre jit disabled
detected number of CPU cores: 12
current working directory: /etc/uwsgi/apps-enabled
writing pidfile to /run/uwsgi/BIOL3014.pid
detected binary path: /usr/bin/uwsgi-core
chdir() to /var/www/PythonApps/BIOL3014
your processes number limit is 257311
your memory page size is 4096 bytes
detected max file descriptor number: 1024
VirtualHosting mode enabled.
lock engine: pthread robust mutexes
thunder lock: disabled (you can enable it with --thunder-lock)
uwsgi socket 0 bound to UNIX address /run/uwsgi/BIOL3014.sock fd 3
Python version: 3.5.2 (default, Aug 18 2017, 17:48:00)  [GCC 5.4.0 20160609]
Set PythonHome to /var/www/PythonApps/BIOL3014/venv
*** Python threads support is disabled. You can enable it with --enable-threads ***
Python main interpreter initialized at 0x15a38f0
your server socket listen backlog is limited to 100 connections
your mercy for graceful operations on workers is 60 seconds
mapped 145536 bytes (142 KB) for 1 cores
*** Operational MODE: single process ***
WSGI app 0 (mountpoint='') ready in 2 seconds on interpreter 0x15a38f0 pid: 979 (default app)
*** uWSGI is running in multiple interpreter mode ***
spawned uWSGI master process (pid: 979)
spawned uWSGI worker 1 (pid: 1252, cores: 1)
SIGINT/SIGQUIT received...killing workers...
Fri Oct 13 15:31:17 2017 - received message 0 from emperor
worker 1 buried after 1 seconds
goodbye to uWSGI.
VACUUM: pidfile removed.
VACUUM WARNING: unix socket /run/uwsgi/BIOL3014.sock changed inode. Skip removal
*** Starting uWSGI 2.0.12-debian (64bit) on [Fri Oct 13 15:31:20 2017] ***
compiled with version: 5.4.0 20160609 on 31 August 2017 21:02:04
os: Linux-4.4.0-36-generic #55-Ubuntu SMP Thu Aug 11 18:01:55 UTC 2016
nodename: bioinf
machine: x86_64
clock source: unix
pcre jit disabled
detected number of CPU cores: 12
current working directory: /etc/uwsgi/apps-enabled
writing pidfile to /run/uwsgi/BIOL3014.pid
detected binary path: /usr/bin/uwsgi-core
chdir() to /var/www/PythonApps/BIOL3014
your processes number limit is 257311
your memory page size is 4096 bytes
detected max file descriptor number: 1024
VirtualHosting mode enabled.
lock engine: pthread robust mutexes
thunder lock: disabled (you can enable it with --thunder-lock)
uwsgi socket 0 bound to UNIX address /run/uwsgi/BIOL3014.sock fd 3
Python version: 3.5.2 (default, Aug 18 2017, 17:48:00)  [GCC 5.4.0 20160609]
Set PythonHome to /var/www/PythonApps/BIOL3014/venv
*** Python threads support is disabled. You can enable it with --enable-threads ***
Python main interpreter initialized at 0x23228f0
your server socket listen backlog is limited to 100 connections
your mercy for graceful operations on workers is 60 seconds
mapped 145536 bytes (142 KB) for 1 cores
*** Operational MODE: single process ***
WSGI app 0 (mountpoint='') ready in 1 seconds on interpreter 0x23228f0 pid: 25163 (default app)
*** uWSGI is running in multiple interpreter mode ***
spawned uWSGI master process (pid: 25163)
spawned uWSGI worker 1 (pid: 25179, cores: 1)
bioinf.scmb.uq.edu.au:81 [pid: 25179|app: 0|req: 1/1] 10.184.28.54 () {44 vars in 1224 bytes} [Fri Oct 13 15:32:16 2017] GET /BIOL3014/ => generated 929 bytes in 39 msecs (HTTP/1.1 200) 2 headers in 80 bytes (1 switches on core 0)
announcing my loyalty to the Emperor...
bioinf.scmb.uq.edu.au:81 [pid: 25179|app: 0|req: 2/2] 10.184.28.54 () {44 vars in 1224 bytes} [Fri Oct 13 15:32:17 2017] GET /BIOL3014/ => generated 929 bytes in 5 msecs (HTTP/1.1 200) 2 headers in 80 bytes (1 switches on core 0)
Fri Oct 13 15:41:08 2017 - SIGPIPE: writing to a closed pipe/socket/fd (probably the client disconnected) on request /BIOL3014/ (ip 10.184.28.54) !!!
Fri Oct 13 15:41:08 2017 - uwsgi_response_writev_headers_and_body_do(): Broken pipe [core/writer.c line 296] during GET /BIOL3014/ (10.184.28.54)
OSError: write error
bioinf.scmb.uq.edu.au:81 [pid: 25179|app: 0|req: 3/3] 10.184.28.54 () {44 vars in 1224 bytes} [Fri Oct 13 15:41:08 2017] GET /BIOL3014/ => generated 0 bytes in 5 msecs (HTTP/1.1 200) 2 headers in 0 bytes (0 switches on core 0)
bioinf.scmb.uq.edu.au:81 [pid: 25179|app: 0|req: 4/4] 10.184.28.54 () {44 vars in 1263 bytes} [Fri Oct 13 15:58:47 2017] GET /BIOL3014/ => generated 929 bytes in 2 msecs (HTTP/1.1 200) 2 headers in 80 bytes (1 switches on core 0)
bioinf.scmb.uq.edu.au:81 [pid: 25179|app: 0|req: 5/5] 10.184.28.54 () {44 vars in 1261 bytes} [Fri Oct 13 15:58:49 2017] GET /BIOL3014 => generated 289 bytes in 25 msecs (HTTP/1.1 301) 3 headers in 148 bytes (1 switches on core 0)
bioinf.scmb.uq.edu.au:81 [pid: 25179|app: 0|req: 6/6] 10.184.28.54 () {44 vars in 1263 bytes} [Fri Oct 13 15:58:49 2017] GET /BIOL3014/ => generated 929 bytes in 3 msecs (HTTP/1.1 200) 2 headers in 80 bytes (1 switches on core 0)
bioinf.scmb.uq.edu.au:81 [pid: 25179|app: 0|req: 7/7] 10.184.28.54 () {44 vars in 1255 bytes} [Fri Oct 13 15:59:04 2017] GET /BIOL3014/ => generated 929 bytes in 6 msecs (HTTP/1.1 200) 2 headers in 80 bytes (1 switches on core 0)
bioinf.scmb.uq.edu.au:81 [pid: 25179|app: 0|req: 8/8] 10.184.28.54 () {44 vars in 1253 bytes} [Fri Oct 13 15:59:06 2017] GET /BIOL3014 => generated 289 bytes in 7 msecs (HTTP/1.1 301) 3 headers in 148 bytes (1 switches on core 0)
bioinf.scmb.uq.edu.au:81 [pid: 25179|app: 0|req: 9/9] 10.184.28.54 () {44 vars in 1255 bytes} [Fri Oct 13 15:59:06 2017] GET /BIOL3014/ => generated 929 bytes in 2 msecs (HTTP/1.1 200) 2 headers in 80 bytes (1 switches on core 0)
bioinf.scmb.uq.edu.au:81 [pid: 25179|app: 0|req: 10/10] 10.184.28.54 () {44 vars in 1255 bytes} [Fri Oct 13 15:59:25 2017] GET /BIOL3014/ => generated 929 bytes in 5 msecs (HTTP/1.1 200) 2 headers in 80 bytes (1 switches on core 0)
bioinf.scmb.uq.edu.au:81 [pid: 25179|app: 0|req: 11/11] 10.184.28.54 () {44 vars in 1255 bytes} [Fri Oct 13 15:59:26 2017] GET /BIOL3014/ => generated 929 bytes in 5 msecs (HTTP/1.1 200) 2 headers in 80 bytes (1 switches on core 0)
Fri Oct 13 16:00:02 2017 - received message 1 from emperor
...gracefully killing workers...
Gracefully killing worker 1 (pid: 25179)...
worker 1 buried after 1 seconds
binary reloading uWSGI...
chdir() to /etc/uwsgi/apps-enabled
closing all non-uwsgi socket fds > 2 (max_fd = 1024)...
found fd 3 mapped to socket 0 (/run/uwsgi/BIOL3014.sock)
running /usr/bin/uwsgi-core
*** has_emperor mode detected (fd: 8) ***
[uWSGI] getting INI configuration from BIOL3014.ini
*** Starting uWSGI 2.0.12-debian (64bit) on [Fri Oct 13 16:00:03 2017] ***
compiled with version: 5.4.0 20160609 on 31 August 2017 21:02:04
os: Linux-4.4.0-36-generic #55-Ubuntu SMP Thu Aug 11 18:01:55 UTC 2016
nodename: bioinf
machine: x86_64
clock source: unix
pcre jit disabled
detected number of CPU cores: 12
current working directory: /etc/uwsgi/apps-enabled
detected binary path: /usr/bin/uwsgi-core
chdir() to /var/www/PythonApps/BIOL3014
your processes number limit is 257311
your memory page size is 4096 bytes
detected max file descriptor number: 1024
VirtualHosting mode enabled.
lock engine: pthread robust mutexes
thunder lock: disabled (you can enable it with --thunder-lock)
uwsgi socket 0 inherited UNIX address /run/uwsgi/BIOL3014.sock fd 3
Python version: 3.5.2 (default, Aug 18 2017, 17:48:00)  [GCC 5.4.0 20160609]
Set PythonHome to /var/www/PythonApps/BIOL3014/venv
*** Python threads support is disabled. You can enable it with --enable-threads ***
Python main interpreter initialized at 0x1136db0
your server socket listen backlog is limited to 100 connections
your mercy for graceful operations on workers is 60 seconds
mapped 145536 bytes (142 KB) for 1 cores
*** Operational MODE: single process ***
WSGI app 0 (mountpoint='') ready in 1 seconds on interpreter 0x1136db0 pid: 25163 (default app)
*** uWSGI is running in multiple interpreter mode ***
gracefully (RE)spawned uWSGI master process (pid: 25163)
spawned uWSGI worker 1 (pid: 26325, cores: 1)
bioinf.scmb.uq.edu.au:81 [pid: 26325|app: 0|req: 1/1] 10.184.28.54 () {46 vars in 1322 bytes} [Fri Oct 13 16:04:20 2017] GET /BIOL3014/login => generated 1331 bytes in 54 msecs (HTTP/1.1 200) 2 headers in 81 bytes (1 switches on core 0)
announcing my loyalty to the Emperor...
bioinf.scmb.uq.edu.au:81 [pid: 26325|app: 0|req: 2/2] 10.184.4.81 () {44 vars in 926 bytes} [Thu Nov  2 09:35:50 2017] GET /BIOL3014/ => generated 929 bytes in 11 msecs (HTTP/1.1 200) 2 headers in 80 bytes (1 switches on core 0)
bioinf.scmb.uq.edu.au:81 [pid: 26325|app: 0|req: 3/3] 10.184.4.81 () {46 vars in 995 bytes} [Thu Nov  2 09:35:56 2017] GET /BIOL3014/signup => generated 1897 bytes in 31 msecs (HTTP/1.1 200) 3 headers in 232 bytes (1 switches on core 0)
bioinf.scmb.uq.edu.au:81 [pid: 26325|app: 0|req: 4/4] 10.184.4.81 () {46 vars in 1110 bytes} [Thu Nov  2 09:35:59 2017] GET /BIOL3014/ => generated 929 bytes in 5 msecs (HTTP/1.1 200) 2 headers in 80 bytes (1 switches on core 0)
bioinf.scmb.uq.edu.au:81 [pid: 26325|app: 0|req: 5/5] 10.184.4.81 () {46 vars in 1114 bytes} [Thu Nov  2 09:36:00 2017] GET /BIOL3014/login => generated 1331 bytes in 3 msecs (HTTP/1.1 200) 2 headers in 81 bytes (1 switches on core 0)
bioinf.scmb.uq.edu.au:81 [pid: 26325|app: 0|req: 6/6] 10.184.4.81 () {46 vars in 1109 bytes} [Thu Nov  2 09:36:02 2017] GET /BIOL3014/ => generated 929 bytes in 5 msecs (HTTP/1.1 200) 2 headers in 80 bytes (1 switches on core 0)
bioinf.scmb.uq.edu.au:81 [pid: 26325|app: 0|req: 7/7] 10.184.4.81 () {46 vars in 1116 bytes} [Thu Nov  2 09:36:04 2017] GET /BIOL3014/signup => generated 1897 bytes in 6 msecs (HTTP/1.1 200) 2 headers in 81 bytes (1 switches on core 0)
bioinf.scmb.uq.edu.au:81 [pid: 26325|app: 0|req: 8/8] 10.184.4.81 () {54 vars in 1316 bytes} [Thu Nov  2 09:36:06 2017] POST /BIOL3014/signup => generated 2448 bytes in 4 msecs (HTTP/1.1 200) 2 headers in 81 bytes (1 switches on core 0)
[2017-11-02 09:36:20,818] ERROR in app: Exception on /BIOL3014/signup [POST]
Traceback (most recent call last):
  File "/var/www/PythonApps/BIOL3014/venv/lib/python3.5/site-packages/sqlalchemy/engine/base.py", line 1182, in _execute_context
    context)
  File "/var/www/PythonApps/BIOL3014/venv/lib/python3.5/site-packages/sqlalchemy/engine/default.py", line 470, in do_execute
    cursor.execute(statement, parameters)
psycopg2.ProgrammingError: permission denied for relation users


The above exception was the direct cause of the following exception:

Traceback (most recent call last):
  File "/var/www/PythonApps/BIOL3014/venv/lib/python3.5/site-packages/flask/app.py", line 1982, in wsgi_app
    response = self.full_dispatch_request()
  File "/var/www/PythonApps/BIOL3014/venv/lib/python3.5/site-packages/flask/app.py", line 1614, in full_dispatch_request
    rv = self.handle_user_exception(e)
  File "/var/www/PythonApps/BIOL3014/venv/lib/python3.5/site-packages/flask/app.py", line 1517, in handle_user_exception
    reraise(exc_type, exc_value, tb)
  File "/var/www/PythonApps/BIOL3014/venv/lib/python3.5/site-packages/flask/_compat.py", line 33, in reraise
    raise value
  File "/var/www/PythonApps/BIOL3014/venv/lib/python3.5/site-packages/flask/app.py", line 1612, in full_dispatch_request
    rv = self.dispatch_request()
  File "/var/www/PythonApps/BIOL3014/venv/lib/python3.5/site-packages/flask/app.py", line 1598, in dispatch_request
    return self.view_functions[rule.endpoint](**req.view_args)
  File "routes.py", line 72, in signup
    if form.validate() == False:
  File "/var/www/PythonApps/BIOL3014/venv/lib/python3.5/site-packages/wtforms/form.py", line 310, in validate
    return super(Form, self).validate(extra)
  File "/var/www/PythonApps/BIOL3014/venv/lib/python3.5/site-packages/wtforms/form.py", line 152, in validate
    if not field.validate(self, extra):
  File "/var/www/PythonApps/BIOL3014/venv/lib/python3.5/site-packages/wtforms/fields/core.py", line 204, in validate
    stop_validation = self._run_validation_chain(form, chain)
  File "/var/www/PythonApps/BIOL3014/venv/lib/python3.5/site-packages/wtforms/fields/core.py", line 224, in _run_validation_chain
    validator(form, self)
  File "./forms.py", line 178, in __call__
    check = self.model.query.filter(self.field == field.data).first()
  File "/var/www/PythonApps/BIOL3014/venv/lib/python3.5/site-packages/sqlalchemy/orm/query.py", line 2731, in first
    ret = list(self[0:1])
  File "/var/www/PythonApps/BIOL3014/venv/lib/python3.5/site-packages/sqlalchemy/orm/query.py", line 2523, in __getitem__
    return list(res)
  File "/var/www/PythonApps/BIOL3014/venv/lib/python3.5/site-packages/sqlalchemy/orm/query.py", line 2831, in __iter__
    return self._execute_and_instances(context)
  File "/var/www/PythonApps/BIOL3014/venv/lib/python3.5/site-packages/sqlalchemy/orm/query.py", line 2854, in _execute_and_instances
    result = conn.execute(querycontext.statement, self._params)
  File "/var/www/PythonApps/BIOL3014/venv/lib/python3.5/site-packages/sqlalchemy/engine/base.py", line 945, in execute
    return meth(self, multiparams, params)
  File "/var/www/PythonApps/BIOL3014/venv/lib/python3.5/site-packages/sqlalchemy/sql/elements.py", line 263, in _execute_on_connection
    return connection._execute_clauseelement(self, multiparams, params)
  File "/var/www/PythonApps/BIOL3014/venv/lib/python3.5/site-packages/sqlalchemy/engine/base.py", line 1053, in _execute_clauseelement
    compiled_sql, distilled_params
  File "/var/www/PythonApps/BIOL3014/venv/lib/python3.5/site-packages/sqlalchemy/engine/base.py", line 1189, in _execute_context
    context)
  File "/var/www/PythonApps/BIOL3014/venv/lib/python3.5/site-packages/sqlalchemy/engine/base.py", line 1393, in _handle_dbapi_exception
    exc_info
  File "/var/www/PythonApps/BIOL3014/venv/lib/python3.5/site-packages/sqlalchemy/util/compat.py", line 203, in raise_from_cause
    reraise(type(exception), exception, tb=exc_tb, cause=cause)
  File "/var/www/PythonApps/BIOL3014/venv/lib/python3.5/site-packages/sqlalchemy/util/compat.py", line 186, in reraise
    raise value.with_traceback(tb)
  File "/var/www/PythonApps/BIOL3014/venv/lib/python3.5/site-packages/sqlalchemy/engine/base.py", line 1182, in _execute_context
    context)
  File "/var/www/PythonApps/BIOL3014/venv/lib/python3.5/site-packages/sqlalchemy/engine/default.py", line 470, in do_execute
    cursor.execute(statement, parameters)
sqlalchemy.exc.ProgrammingError: (psycopg2.ProgrammingError) permission denied for relation users
 [SQL: 'SELECT users.uid AS users_uid, users.firstname AS users_firstname, users.lastname AS users_lastname, users.studentno AS users_studentno, users.email AS users_email, users.pwdhash AS users_pwdhash \nFROM users \nWHERE users.studentno = %(studentno_1)s \n LIMIT %(param_1)s'] [parameters: {'param_1': 1, 'studentno_1': 'sdds'}]
bioinf.scmb.uq.edu.au:81 [pid: 26325|app: 0|req: 9/9] 10.184.4.81 () {54 vars in 1316 bytes} [Thu Nov  2 09:36:20 2017] POST /BIOL3014/signup => generated 291 bytes in 199 msecs (HTTP/1.1 500) 2 headers in 84 bytes (1 switches on core 0)
Sat Nov  4 20:38:21 2017 - received message 0 from emperor
SIGINT/SIGQUIT received...killing workers...
worker 1 buried after 1 seconds
goodbye to uWSGI.
VACUUM: pidfile removed.
VACUUM WARNING: unix socket /run/uwsgi/BIOL3014.sock changed inode. Skip removal
